Nov 02, 2014 2:04:08 AM org.apache.coyote.AbstractProtocol pause
INFO: Pausing ProtocolHandler ["http-bio-8080"]
Nov 02, 2014 2:04:11 AM org.apache.coyote.AbstractProtocol pause
INFO: Pausing ProtocolHandler ["ajp-bio-8009"]
Nov 02, 2014 2:04:12 AM org.apache.catalina.core.StandardService stopInternal
INFO: Stopping service Catalina
Nov 02, 2014 2:04:12 AM org.apache.coyote.AbstractProtocol stop
INFO: Stopping ProtocolHandler ["http-bio-8080"]
Nov 02, 2014 2:04:12 AM org.apache.coyote.AbstractProtocol stop
INFO: Stopping ProtocolHandler ["ajp-bio-8009"]
Nov 02, 2014 2:04:12 AM org.apache.coyote.AbstractProtocol destroy
INFO: Destroying ProtocolHandler ["http-bio-8080"]
Nov 02, 2014 2:04:12 AM org.apache.coyote.AbstractProtocol destroy
INFO: Destroying ProtocolHandler ["ajp-bio-8009"]
Nov 02, 2014 5:18:43 PM org.apache.catalina.core.AprLifecycleListener init
INFO: The APR based Apache Tomcat Native library which allows optimal performance in production environments was not found on the java.library.path: /Applications/NetBeans/NetBeans 8.0.1.app/Contents/Resources/NetBeans/webcommon/bin::/Users/RedPencil/Library/Java/Extensions:/Library/Java/Extensions:/Network/Library/Java/Extensions:/System/Library/Java/Extensions:/usr/lib/java:.
Nov 02, 2014 5:18:44 PM org.apache.coyote.AbstractProtocol init
INFO: Initializing ProtocolHandler ["http-bio-8080"]
Nov 02, 2014 5:18:44 PM org.apache.coyote.AbstractProtocol init
INFO: Initializing ProtocolHandler ["ajp-bio-8009"]
Nov 02, 2014 5:18:44 PM org.apache.catalina.startup.Catalina load
INFO: Initialization processed in 744 ms
Nov 02, 2014 5:18:44 PM org.apache.catalina.core.StandardService startInternal
INFO: Starting service Catalina
Nov 02, 2014 5:18:44 PM org.apache.catalina.core.StandardEngine startInternal
INFO: Starting Servlet Engine: Apache Tomcat/7.0.55
Nov 02, 2014 5:18:44 PM org.apache.catalina.startup.HostConfig deployDescriptor
INFO: Deploying configuration descriptor /Users/RedPencil/Documents/GitHub/SE452/Tomcat/conf/Catalina/localhost/TestProject.xml
Nov 02, 2014 5:18:45 PM org.apache.catalina.startup.HostConfig deployDescriptor
INFO: Deployment of configuration descriptor /Users/RedPencil/Documents/GitHub/SE452/Tomcat/conf/Catalina/localhost/TestProject.xml has finished in 1,520 ms
Nov 02, 2014 5:18:45 PM org.apache.catalina.startup.HostConfig deployDirectory
INFO: Deploying web application directory /Users/RedPencil/Documents/GitHub/SE452/Tomcat/webapps/docs
Nov 02, 2014 5:18:45 PM org.apache.catalina.startup.HostConfig deployDirectory
INFO: Deployment of web application directory /Users/RedPencil/Documents/GitHub/SE452/Tomcat/webapps/docs has finished in 36 ms
Nov 02, 2014 5:18:45 PM org.apache.catalina.startup.HostConfig deployDirectory
INFO: Deploying web application directory /Users/RedPencil/Documents/GitHub/SE452/Tomcat/webapps/examples
Nov 02, 2014 5:18:46 PM org.apache.catalina.startup.HostConfig deployDirectory
INFO: Deployment of web application directory /Users/RedPencil/Documents/GitHub/SE452/Tomcat/webapps/examples has finished in 280 ms
Nov 02, 2014 5:18:46 PM org.apache.catalina.startup.HostConfig deployDirectory
INFO: Deploying web application directory /Users/RedPencil/Documents/GitHub/SE452/Tomcat/webapps/host-manager
Nov 02, 2014 5:18:46 PM org.apache.catalina.startup.HostConfig deployDirectory
INFO: Deployment of web application directory /Users/RedPencil/Documents/GitHub/SE452/Tomcat/webapps/host-manager has finished in 46 ms
Nov 02, 2014 5:18:46 PM org.apache.catalina.startup.HostConfig deployDirectory
INFO: Deploying web application directory /Users/RedPencil/Documents/GitHub/SE452/Tomcat/webapps/manager
Nov 02, 2014 5:18:46 PM org.apache.catalina.startup.HostConfig deployDirectory
INFO: Deployment of web application directory /Users/RedPencil/Documents/GitHub/SE452/Tomcat/webapps/manager has finished in 46 ms
Nov 02, 2014 5:18:46 PM org.apache.catalina.startup.HostConfig deployDirectory
INFO: Deploying web application directory /Users/RedPencil/Documents/GitHub/SE452/Tomcat/webapps/ROOT
Nov 02, 2014 5:18:46 PM org.apache.catalina.startup.HostConfig deployDirectory
INFO: Deployment of web application directory /Users/RedPencil/Documents/GitHub/SE452/Tomcat/webapps/ROOT has finished in 35 ms
Nov 02, 2014 5:18:46 PM org.apache.coyote.AbstractProtocol start
INFO: Starting ProtocolHandler ["http-bio-8080"]
Nov 02, 2014 5:18:46 PM org.apache.coyote.AbstractProtocol start
INFO: Starting ProtocolHandler ["ajp-bio-8009"]
Nov 02, 2014 5:18:46 PM org.apache.catalina.startup.Catalina start
INFO: Server startup in 2048 ms
Nov 02, 2014 5:18:47 PM org.apache.catalina.startup.HostConfig undeploy
INFO: Undeploying context [/TestProject]
Nov 02, 2014 5:18:47 PM org.apache.catalina.startup.HostConfig deployDescriptor
INFO: Deploying configuration descriptor /Users/RedPencil/Documents/GitHub/SE452/Tomcat/conf/Catalina/localhost/TestProject.xml
Nov 02, 2014 5:18:48 PM org.apache.catalina.startup.HostConfig deployDescriptor
INFO: Deployment of configuration descriptor /Users/RedPencil/Documents/GitHub/SE452/Tomcat/conf/Catalina/localhost/TestProject.xml has finished in 785 ms
Nov 02, 2014 5:18:48 PM org.apache.catalina.util.LifecycleBase start
INFO: The start() method was called on component [StandardEngine[Catalina].StandardHost[localhost].StandardContext[/TestProject]] after start() had already been called. The second call will be ignored.
Nov 02, 2014 5:30:13 PM org.apache.catalina.startup.HostConfig undeploy
INFO: Undeploying context [/TestProject]
Nov 02, 2014 5:30:13 PM org.apache.catalina.startup.HostConfig deployDescriptor
INFO: Deploying configuration descriptor /Users/RedPencil/Documents/GitHub/SE452/Tomcat/conf/Catalina/localhost/TestProject.xml
Nov 02, 2014 5:30:14 PM org.apache.catalina.startup.HostConfig deployDescriptor
INFO: Deployment of configuration descriptor /Users/RedPencil/Documents/GitHub/SE452/Tomcat/conf/Catalina/localhost/TestProject.xml has finished in 857 ms
Nov 02, 2014 5:30:14 PM org.apache.catalina.util.LifecycleBase start
INFO: The start() method was called on component [StandardEngine[Catalina].StandardHost[localhost].StandardContext[/TestProject]] after start() had already been called. The second call will be ignored.
Nov 02, 2014 5:31:25 PM org.apache.catalina.startup.HostConfig undeploy
INFO: Undeploying context [/TestProject]
Nov 02, 2014 5:31:25 PM org.apache.catalina.startup.HostConfig deployDescriptor
INFO: Deploying configuration descriptor /Users/RedPencil/Documents/GitHub/SE452/Tomcat/conf/Catalina/localhost/TestProject.xml
Nov 02, 2014 5:31:26 PM org.apache.catalina.startup.HostConfig deployDescriptor
INFO: Deployment of configuration descriptor /Users/RedPencil/Documents/GitHub/SE452/Tomcat/conf/Catalina/localhost/TestProject.xml has finished in 533 ms
Nov 02, 2014 5:31:26 PM org.apache.catalina.util.LifecycleBase start
INFO: The start() method was called on component [StandardEngine[Catalina].StandardHost[localhost].StandardContext[/TestProject]] after start() had already been called. The second call will be ignored.
Nov 02, 2014 5:32:23 PM org.apache.catalina.startup.HostConfig undeploy
INFO: Undeploying context [/TestProject]
Nov 02, 2014 5:32:23 PM org.apache.catalina.startup.HostConfig deployDescriptor
INFO: Deploying configuration descriptor /Users/RedPencil/Documents/GitHub/SE452/Tomcat/conf/Catalina/localhost/TestProject.xml
Nov 02, 2014 5:32:24 PM org.apache.catalina.startup.HostConfig deployDescriptor
INFO: Deployment of configuration descriptor /Users/RedPencil/Documents/GitHub/SE452/Tomcat/conf/Catalina/localhost/TestProject.xml has finished in 656 ms
Nov 02, 2014 5:32:24 PM org.apache.catalina.util.LifecycleBase start
INFO: The start() method was called on component [StandardEngine[Catalina].StandardHost[localhost].StandardContext[/TestProject]] after start() had already been called. The second call will be ignored.
Nov 02, 2014 5:33:21 PM org.apache.catalina.startup.HostConfig undeploy
INFO: Undeploying context [/TestProject]
Nov 02, 2014 5:33:21 PM org.apache.catalina.startup.HostConfig deployDescriptor
INFO: Deploying configuration descriptor /Users/RedPencil/Documents/GitHub/SE452/Tomcat/conf/Catalina/localhost/TestProject.xml
Nov 02, 2014 5:33:22 PM org.apache.catalina.startup.HostConfig deployDescriptor
INFO: Deployment of configuration descriptor /Users/RedPencil/Documents/GitHub/SE452/Tomcat/conf/Catalina/localhost/TestProject.xml has finished in 530 ms
Nov 02, 2014 5:33:22 PM org.apache.catalina.util.LifecycleBase start
INFO: The start() method was called on component [StandardEngine[Catalina].StandardHost[localhost].StandardContext[/TestProject]] after start() had already been called. The second call will be ignored.
Nov 02, 2014 5:34:27 PM org.apache.catalina.startup.HostConfig undeploy
INFO: Undeploying context [/TestProject]
Nov 02, 2014 5:34:27 PM org.apache.catalina.startup.HostConfig deployDescriptor
INFO: Deploying configuration descriptor /Users/RedPencil/Documents/GitHub/SE452/Tomcat/conf/Catalina/localhost/TestProject.xml
Nov 02, 2014 5:34:28 PM org.apache.catalina.startup.HostConfig deployDescriptor
INFO: Deployment of configuration descriptor /Users/RedPencil/Documents/GitHub/SE452/Tomcat/conf/Catalina/localhost/TestProject.xml has finished in 611 ms
Nov 02, 2014 5:34:28 PM org.apache.catalina.util.LifecycleBase start
INFO: The start() method was called on component [StandardEngine[Catalina].StandardHost[localhost].StandardContext[/TestProject]] after start() had already been called. The second call will be ignored.
Nov 02, 2014 5:52:23 PM org.apache.catalina.startup.HostConfig undeploy
INFO: Undeploying context [/TestProject]
Nov 02, 2014 5:52:23 PM org.apache.catalina.startup.HostConfig deployDescriptor
INFO: Deploying configuration descriptor /Users/RedPencil/Documents/GitHub/SE452/Tomcat/conf/Catalina/localhost/TestProject.xml
Nov 02, 2014 5:52:24 PM org.apache.catalina.startup.HostConfig deployDescriptor
INFO: Deployment of configuration descriptor /Users/RedPencil/Documents/GitHub/SE452/Tomcat/conf/Catalina/localhost/TestProject.xml has finished in 515 ms
Nov 02, 2014 5:52:24 PM org.apache.catalina.util.LifecycleBase start
INFO: The start() method was called on component [StandardEngine[Catalina].StandardHost[localhost].StandardContext[/TestProject]] after start() had already been called. The second call will be ignored.
Nov 02, 2014 5:52:37 PM org.apache.catalina.startup.HostConfig undeploy
INFO: Undeploying context [/TestProject]
Nov 02, 2014 5:52:37 PM org.apache.catalina.startup.HostConfig deployDescriptor
INFO: Deploying configuration descriptor /Users/RedPencil/Documents/GitHub/SE452/Tomcat/conf/Catalina/localhost/TestProject.xml
Nov 02, 2014 5:52:37 PM org.apache.catalina.startup.HostConfig deployDescriptor
INFO: Deployment of configuration descriptor /Users/RedPencil/Documents/GitHub/SE452/Tomcat/conf/Catalina/localhost/TestProject.xml has finished in 566 ms
Nov 02, 2014 5:52:37 PM org.apache.catalina.util.LifecycleBase start
INFO: The start() method was called on component [StandardEngine[Catalina].StandardHost[localhost].StandardContext[/TestProject]] after start() had already been called. The second call will be ignored.
Nov 02, 2014 5:54:31 PM org.apache.catalina.startup.HostConfig undeploy
INFO: Undeploying context [/TestProject]
Nov 02, 2014 5:54:31 PM org.apache.catalina.startup.HostConfig deployDescriptor
INFO: Deploying configuration descriptor /Users/RedPencil/Documents/GitHub/SE452/Tomcat/conf/Catalina/localhost/TestProject.xml
Nov 02, 2014 5:54:32 PM org.apache.catalina.startup.HostConfig deployDescriptor
INFO: Deployment of configuration descriptor /Users/RedPencil/Documents/GitHub/SE452/Tomcat/conf/Catalina/localhost/TestProject.xml has finished in 630 ms
Nov 02, 2014 5:54:32 PM org.apache.catalina.util.LifecycleBase start
INFO: The start() method was called on component [StandardEngine[Catalina].StandardHost[localhost].StandardContext[/TestProject]] after start() had already been called. The second call will be ignored.
Nov 02, 2014 5:55:13 PM org.apache.catalina.startup.HostConfig undeploy
INFO: Undeploying context [/TestProject]
Nov 02, 2014 5:55:13 PM org.apache.catalina.startup.HostConfig deployDescriptor
INFO: Deploying configuration descriptor /Users/RedPencil/Documents/GitHub/SE452/Tomcat/conf/Catalina/localhost/TestProject.xml
Nov 02, 2014 5:55:13 PM org.apache.catalina.startup.HostConfig deployDescriptor
INFO: Deployment of configuration descriptor /Users/RedPencil/Documents/GitHub/SE452/Tomcat/conf/Catalina/localhost/TestProject.xml has finished in 526 ms
Nov 02, 2014 5:55:13 PM org.apache.catalina.util.LifecycleBase start
INFO: The start() method was called on component [StandardEngine[Catalina].StandardHost[localhost].StandardContext[/TestProject]] after start() had already been called. The second call will be ignored.
Nov 02, 2014 5:56:49 PM org.apache.catalina.startup.HostConfig undeploy
INFO: Undeploying context [/TestProject]
Nov 02, 2014 5:56:49 PM org.apache.catalina.startup.HostConfig deployDescriptor
INFO: Deploying configuration descriptor /Users/RedPencil/Documents/GitHub/SE452/Tomcat/conf/Catalina/localhost/TestProject.xml
Nov 02, 2014 5:56:50 PM org.apache.catalina.startup.HostConfig deployDescriptor
INFO: Deployment of configuration descriptor /Users/RedPencil/Documents/GitHub/SE452/Tomcat/conf/Catalina/localhost/TestProject.xml has finished in 504 ms
Nov 02, 2014 5:56:50 PM org.apache.catalina.util.LifecycleBase start
INFO: The start() method was called on component [StandardEngine[Catalina].StandardHost[localhost].StandardContext[/TestProject]] after start() had already been called. The second call will be ignored.
Nov 02, 2014 6:03:45 PM org.apache.catalina.startup.HostConfig undeploy
INFO: Undeploying context [/TestProject]
Nov 02, 2014 6:03:45 PM org.apache.catalina.startup.HostConfig deployDescriptor
INFO: Deploying configuration descriptor /Users/RedPencil/Documents/GitHub/SE452/Tomcat/conf/Catalina/localhost/TestProject.xml
Nov 02, 2014 6:03:46 PM org.apache.catalina.startup.HostConfig deployDescriptor
INFO: Deployment of configuration descriptor /Users/RedPencil/Documents/GitHub/SE452/Tomcat/conf/Catalina/localhost/TestProject.xml has finished in 596 ms
Nov 02, 2014 6:03:46 PM org.apache.catalina.util.LifecycleBase start
INFO: The start() method was called on component [StandardEngine[Catalina].StandardHost[localhost].StandardContext[/TestProject]] after start() had already been called. The second call will be ignored.
Nov 02, 2014 6:04:11 PM org.apache.catalina.startup.HostConfig undeploy
INFO: Undeploying context [/TestProject]
Nov 02, 2014 6:04:11 PM org.apache.catalina.startup.HostConfig deployDescriptor
INFO: Deploying configuration descriptor /Users/RedPencil/Documents/GitHub/SE452/Tomcat/conf/Catalina/localhost/TestProject.xml
Nov 02, 2014 6:04:12 PM org.apache.catalina.startup.HostConfig deployDescriptor
INFO: Deployment of configuration descriptor /Users/RedPencil/Documents/GitHub/SE452/Tomcat/conf/Catalina/localhost/TestProject.xml has finished in 511 ms
Nov 02, 2014 6:04:12 PM org.apache.catalina.util.LifecycleBase start
INFO: The start() method was called on component [StandardEngine[Catalina].StandardHost[localhost].StandardContext[/TestProject]] after start() had already been called. The second call will be ignored.
Nov 02, 2014 6:04:36 PM org.apache.catalina.startup.HostConfig undeploy
INFO: Undeploying context [/TestProject]
Nov 02, 2014 6:04:46 PM org.apache.catalina.startup.HostConfig deployDescriptor
INFO: Deploying configuration descriptor /Users/RedPencil/Documents/GitHub/SE452/Tomcat/conf/Catalina/localhost/TestProject.xml
Nov 02, 2014 6:04:46 PM org.apache.catalina.startup.HostConfig deployDescriptor
INFO: Deployment of configuration descriptor /Users/RedPencil/Documents/GitHub/SE452/Tomcat/conf/Catalina/localhost/TestProject.xml has finished in 504 ms
Nov 02, 2014 6:04:46 PM org.apache.catalina.util.LifecycleBase start
INFO: The start() method was called on component [StandardEngine[Catalina].StandardHost[localhost].StandardContext[/TestProject]] after start() had already been called. The second call will be ignored.
Nov 02, 2014 6:05:49 PM org.apache.catalina.startup.HostConfig undeploy
INFO: Undeploying context [/TestProject]
Nov 02, 2014 6:05:49 PM org.apache.catalina.startup.HostConfig deployDescriptor
INFO: Deploying configuration descriptor /Users/RedPencil/Documents/GitHub/SE452/Tomcat/conf/Catalina/localhost/TestProject.xml
Nov 02, 2014 6:05:50 PM org.apache.catalina.startup.HostConfig deployDescriptor
INFO: Deployment of configuration descriptor /Users/RedPencil/Documents/GitHub/SE452/Tomcat/conf/Catalina/localhost/TestProject.xml has finished in 579 ms
Nov 02, 2014 6:05:50 PM org.apache.catalina.util.LifecycleBase start
INFO: The start() method was called on component [StandardEngine[Catalina].StandardHost[localhost].StandardContext[/TestProject]] after start() had already been called. The second call will be ignored.
Nov 02, 2014 6:06:26 PM org.apache.catalina.startup.HostConfig undeploy
INFO: Undeploying context [/TestProject]
Nov 02, 2014 6:06:26 PM org.apache.catalina.startup.HostConfig deployDescriptor
INFO: Deploying configuration descriptor /Users/RedPencil/Documents/GitHub/SE452/Tomcat/conf/Catalina/localhost/TestProject.xml
Nov 02, 2014 6:06:26 PM org.apache.catalina.startup.HostConfig deployDescriptor
INFO: Deployment of configuration descriptor /Users/RedPencil/Documents/GitHub/SE452/Tomcat/conf/Catalina/localhost/TestProject.xml has finished in 537 ms
Nov 02, 2014 6:06:26 PM org.apache.catalina.util.LifecycleBase start
INFO: The start() method was called on component [StandardEngine[Catalina].StandardHost[localhost].StandardContext[/TestProject]] after start() had already been called. The second call will be ignored.
Nov 02, 2014 7:04:09 PM org.apache.catalina.core.StandardServer await
INFO: A valid shutdown command was received via the shutdown port. Stopping the Server instance.
Nov 02, 2014 7:04:09 PM org.apache.coyote.AbstractProtocol pause
INFO: Pausing ProtocolHandler ["http-bio-8080"]
Nov 02, 2014 7:04:09 PM org.apache.coyote.AbstractProtocol pause
INFO: Pausing ProtocolHandler ["ajp-bio-8009"]
Nov 02, 2014 7:04:09 PM org.apache.catalina.core.StandardService stopInternal
INFO: Stopping service Catalina
Nov 02, 2014 7:04:09 PM org.apache.coyote.AbstractProtocol stop
INFO: Stopping ProtocolHandler ["http-bio-8080"]
Nov 02, 2014 7:04:09 PM org.apache.coyote.AbstractProtocol stop
INFO: Stopping ProtocolHandler ["ajp-bio-8009"]
Nov 02, 2014 7:04:09 PM org.apache.coyote.AbstractProtocol destroy
INFO: Destroying ProtocolHandler ["http-bio-8080"]
Nov 02, 2014 7:04:09 PM org.apache.coyote.AbstractProtocol destroy
INFO: Destroying ProtocolHandler ["ajp-bio-8009"]
Nov 02, 2014 7:50:17 PM org.apache.catalina.core.AprLifecycleListener init
INFO: The APR based Apache Tomcat Native library which allows optimal performance in production environments was not found on the java.library.path: /Applications/NetBeans/NetBeans 8.0.1.app/Contents/Resources/NetBeans/webcommon/bin::/Users/RedPencil/Library/Java/Extensions:/Library/Java/Extensions:/Network/Library/Java/Extensions:/System/Library/Java/Extensions:/usr/lib/java:.
Nov 02, 2014 7:50:18 PM org.apache.coyote.AbstractProtocol init
INFO: Initializing ProtocolHandler ["http-bio-8080"]
Nov 02, 2014 7:50:18 PM org.apache.coyote.AbstractProtocol init
INFO: Initializing ProtocolHandler ["ajp-bio-8009"]
Nov 02, 2014 7:50:18 PM org.apache.catalina.startup.Catalina load
INFO: Initialization processed in 811 ms
Nov 02, 2014 7:50:18 PM org.apache.catalina.core.StandardService startInternal
INFO: Starting service Catalina
Nov 02, 2014 7:50:18 PM org.apache.catalina.core.StandardEngine startInternal
INFO: Starting Servlet Engine: Apache Tomcat/7.0.55
Nov 02, 2014 7:50:18 PM org.apache.catalina.startup.HostConfig deployDescriptor
INFO: Deploying configuration descriptor /Users/RedPencil/Documents/GitHub/SE452/Tomcat/conf/Catalina/localhost/TestProject.xml
Nov 02, 2014 7:50:19 PM org.apache.catalina.startup.HostConfig deployDescriptor
INFO: Deployment of configuration descriptor /Users/RedPencil/Documents/GitHub/SE452/Tomcat/conf/Catalina/localhost/TestProject.xml has finished in 1,462 ms
Nov 02, 2014 7:50:19 PM org.apache.catalina.startup.HostConfig deployDirectory
INFO: Deploying web application directory /Users/RedPencil/Documents/GitHub/SE452/Tomcat/webapps/docs
Nov 02, 2014 7:50:19 PM org.apache.catalina.startup.HostConfig deployDirectory
INFO: Deployment of web application directory /Users/RedPencil/Documents/GitHub/SE452/Tomcat/webapps/docs has finished in 34 ms
Nov 02, 2014 7:50:19 PM org.apache.catalina.startup.HostConfig deployDirectory
INFO: Deploying web application directory /Users/RedPencil/Documents/GitHub/SE452/Tomcat/webapps/examples
Nov 02, 2014 7:50:20 PM org.apache.catalina.startup.HostConfig deployDirectory
INFO: Deployment of web application directory /Users/RedPencil/Documents/GitHub/SE452/Tomcat/webapps/examples has finished in 297 ms
Nov 02, 2014 7:50:20 PM org.apache.catalina.startup.HostConfig deployDirectory
INFO: Deploying web application directory /Users/RedPencil/Documents/GitHub/SE452/Tomcat/webapps/host-manager
Nov 02, 2014 7:50:20 PM org.apache.catalina.startup.HostConfig deployDirectory
INFO: Deployment of web application directory /Users/RedPencil/Documents/GitHub/SE452/Tomcat/webapps/host-manager has finished in 53 ms
Nov 02, 2014 7:50:20 PM org.apache.catalina.startup.HostConfig deployDirectory
INFO: Deploying web application directory /Users/RedPencil/Documents/GitHub/SE452/Tomcat/webapps/manager
Nov 02, 2014 7:50:20 PM org.apache.catalina.startup.HostConfig deployDirectory
INFO: Deployment of web application directory /Users/RedPencil/Documents/GitHub/SE452/Tomcat/webapps/manager has finished in 46 ms
Nov 02, 2014 7:50:20 PM org.apache.catalina.startup.HostConfig deployDirectory
INFO: Deploying web application directory /Users/RedPencil/Documents/GitHub/SE452/Tomcat/webapps/ROOT
Nov 02, 2014 7:50:20 PM org.apache.catalina.startup.HostConfig deployDirectory
INFO: Deployment of web application directory /Users/RedPencil/Documents/GitHub/SE452/Tomcat/webapps/ROOT has finished in 38 ms
Nov 02, 2014 7:50:20 PM org.apache.coyote.AbstractProtocol start
INFO: Starting ProtocolHandler ["http-bio-8080"]
Nov 02, 2014 7:50:20 PM org.apache.coyote.AbstractProtocol start
INFO: Starting ProtocolHandler ["ajp-bio-8009"]
Nov 02, 2014 7:50:20 PM org.apache.catalina.startup.Catalina start
INFO: Server startup in 2026 ms
Nov 02, 2014 7:50:21 PM org.apache.catalina.startup.HostConfig undeploy
INFO: Undeploying context [/TestProject]
Nov 02, 2014 7:50:21 PM org.apache.catalina.startup.HostConfig deployDescriptor
INFO: Deploying configuration descriptor /Users/RedPencil/Documents/GitHub/SE452/Tomcat/conf/Catalina/localhost/TestProject.xml
Nov 02, 2014 7:50:22 PM org.apache.catalina.startup.HostConfig deployDescriptor
INFO: Deployment of configuration descriptor /Users/RedPencil/Documents/GitHub/SE452/Tomcat/conf/Catalina/localhost/TestProject.xml has finished in 883 ms
Nov 02, 2014 7:50:23 PM org.apache.catalina.startup.HostConfig undeploy
INFO: Undeploying context [/TestProject]
Nov 02, 2014 7:50:34 PM org.apache.catalina.startup.HostConfig deployDescriptor
INFO: Deploying configuration descriptor /Users/RedPencil/Documents/GitHub/SE452/Tomcat/conf/Catalina/localhost/TestProject.xml
Nov 02, 2014 7:50:35 PM org.apache.catalina.startup.HostConfig deployDescriptor
INFO: Deployment of configuration descriptor /Users/RedPencil/Documents/GitHub/SE452/Tomcat/conf/Catalina/localhost/TestProject.xml has finished in 618 ms
Nov 02, 2014 7:50:35 PM org.apache.catalina.util.LifecycleBase start
INFO: The start() method was called on component [StandardEngine[Catalina].StandardHost[localhost].StandardContext[/TestProject]] after start() had already been called. The second call will be ignored.
Nov 02, 2014 7:51:50 PM org.apache.catalina.core.StandardServer await
INFO: A valid shutdown command was received via the shutdown port. Stopping the Server instance.
Nov 02, 2014 7:51:50 PM org.apache.coyote.AbstractProtocol pause
INFO: Pausing ProtocolHandler ["http-bio-8080"]
Nov 02, 2014 7:51:50 PM org.apache.coyote.AbstractProtocol pause
INFO: Pausing ProtocolHandler ["ajp-bio-8009"]
Nov 02, 2014 7:51:50 PM org.apache.catalina.core.StandardService stopInternal
INFO: Stopping service Catalina
Nov 02, 2014 7:51:50 PM org.apache.coyote.AbstractProtocol stop
INFO: Stopping ProtocolHandler ["http-bio-8080"]
Nov 02, 2014 7:51:50 PM org.apache.coyote.AbstractProtocol stop
INFO: Stopping ProtocolHandler ["ajp-bio-8009"]
Nov 02, 2014 7:51:50 PM org.apache.coyote.AbstractProtocol destroy
INFO: Destroying ProtocolHandler ["http-bio-8080"]
Nov 02, 2014 7:51:50 PM org.apache.coyote.AbstractProtocol destroy
INFO: Destroying ProtocolHandler ["ajp-bio-8009"]
Nov 02, 2014 10:33:48 PM org.apache.catalina.core.AprLifecycleListener init
INFO: The APR based Apache Tomcat Native library which allows optimal performance in production environments was not found on the java.library.path: /Applications/NetBeans/NetBeans 8.0.1.app/Contents/Resources/NetBeans/webcommon/bin::/Users/RedPencil/Library/Java/Extensions:/Library/Java/Extensions:/Network/Library/Java/Extensions:/System/Library/Java/Extensions:/usr/lib/java:.
Nov 02, 2014 10:33:49 PM org.apache.coyote.AbstractProtocol init
INFO: Initializing ProtocolHandler ["http-bio-8080"]
Nov 02, 2014 10:33:49 PM org.apache.coyote.AbstractProtocol init
INFO: Initializing ProtocolHandler ["ajp-bio-8009"]
Nov 02, 2014 10:33:49 PM org.apache.catalina.startup.Catalina load
INFO: Initialization processed in 526 ms
Nov 02, 2014 10:33:49 PM org.apache.catalina.core.StandardService startInternal
INFO: Starting service Catalina
Nov 02, 2014 10:33:49 PM org.apache.catalina.core.StandardEngine startInternal
INFO: Starting Servlet Engine: Apache Tomcat/7.0.55
Nov 02, 2014 10:33:49 PM org.apache.catalina.startup.HostConfig deployDescriptor
INFO: Deploying configuration descriptor /Users/RedPencil/Documents/GitHub/SE452/Tomcat/conf/Catalina/localhost/TestProject.xml
Nov 02, 2014 10:33:50 PM org.apache.catalina.startup.HostConfig deployDescriptor
INFO: Deployment of configuration descriptor /Users/RedPencil/Documents/GitHub/SE452/Tomcat/conf/Catalina/localhost/TestProject.xml has finished in 1,517 ms
Nov 02, 2014 10:33:50 PM org.apache.catalina.startup.HostConfig deployDirectory
INFO: Deploying web application directory /Users/RedPencil/Documents/GitHub/SE452/Tomcat/webapps/docs
Nov 02, 2014 10:33:50 PM org.apache.catalina.startup.HostConfig deployDirectory
INFO: Deployment of web application directory /Users/RedPencil/Documents/GitHub/SE452/Tomcat/webapps/docs has finished in 160 ms
Nov 02, 2014 10:33:50 PM org.apache.catalina.startup.HostConfig deployDirectory
INFO: Deploying web application directory /Users/RedPencil/Documents/GitHub/SE452/Tomcat/webapps/examples
Nov 02, 2014 10:33:51 PM org.apache.catalina.startup.HostConfig deployDirectory
INFO: Deployment of web application directory /Users/RedPencil/Documents/GitHub/SE452/Tomcat/webapps/examples has finished in 352 ms
Nov 02, 2014 10:33:51 PM org.apache.catalina.startup.HostConfig deployDirectory
INFO: Deploying web application directory /Users/RedPencil/Documents/GitHub/SE452/Tomcat/webapps/host-manager
Nov 02, 2014 10:33:51 PM org.apache.catalina.startup.HostConfig deployDirectory
INFO: Deployment of web application directory /Users/RedPencil/Documents/GitHub/SE452/Tomcat/webapps/host-manager has finished in 198 ms
Nov 02, 2014 10:33:51 PM org.apache.catalina.startup.HostConfig deployDirectory
INFO: Deploying web application directory /Users/RedPencil/Documents/GitHub/SE452/Tomcat/webapps/manager
Nov 02, 2014 10:33:51 PM org.apache.catalina.startup.HostConfig deployDirectory
INFO: Deployment of web application directory /Users/RedPencil/Documents/GitHub/SE452/Tomcat/webapps/manager has finished in 188 ms
Nov 02, 2014 10:33:51 PM org.apache.catalina.startup.HostConfig deployDirectory
INFO: Deploying web application directory /Users/RedPencil/Documents/GitHub/SE452/Tomcat/webapps/ROOT
Nov 02, 2014 10:33:51 PM org.apache.catalina.startup.HostConfig deployDirectory
INFO: Deployment of web application directory /Users/RedPencil/Documents/GitHub/SE452/Tomcat/webapps/ROOT has finished in 222 ms
Nov 02, 2014 10:33:51 PM org.apache.coyote.AbstractProtocol start
INFO: Starting ProtocolHandler ["http-bio-8080"]
Nov 02, 2014 10:33:51 PM org.apache.coyote.AbstractProtocol start
INFO: Starting ProtocolHandler ["ajp-bio-8009"]
Nov 02, 2014 10:33:51 PM org.apache.catalina.startup.Catalina start
INFO: Server startup in 2705 ms
Nov 02, 2014 10:33:53 PM org.apache.catalina.startup.HostConfig undeploy
INFO: Undeploying context [/TestProject]
Nov 02, 2014 10:33:53 PM org.apache.catalina.startup.HostConfig deployDescriptor
INFO: Deploying configuration descriptor /Users/RedPencil/Documents/GitHub/SE452/Tomcat/conf/Catalina/localhost/TestProject.xml
Nov 02, 2014 10:33:55 PM org.apache.catalina.startup.HostConfig deployDescriptor
INFO: Deployment of configuration descriptor /Users/RedPencil/Documents/GitHub/SE452/Tomcat/conf/Catalina/localhost/TestProject.xml has finished in 1,985 ms
Nov 02, 2014 10:33:55 PM org.apache.catalina.util.LifecycleBase start
INFO: The start() method was called on component [StandardEngine[Catalina].StandardHost[localhost].StandardContext[/TestProject]] after start() had already been called. The second call will be ignored.
Nov 02, 2014 11:05:57 PM org.apache.catalina.startup.HostConfig undeploy
INFO: Undeploying context [/TestProject]
Nov 02, 2014 11:05:57 PM org.apache.catalina.startup.HostConfig deployDescriptor
INFO: Deploying configuration descriptor /Users/RedPencil/Documents/GitHub/SE452/Tomcat/conf/Catalina/localhost/TestProject.xml
Nov 02, 2014 11:05:58 PM org.apache.catalina.startup.HostConfig deployDescriptor
INFO: Deployment of configuration descriptor /Users/RedPencil/Documents/GitHub/SE452/Tomcat/conf/Catalina/localhost/TestProject.xml has finished in 1,008 ms
Nov 02, 2014 11:06:07 PM org.apache.coyote.http11.AbstractHttp11Processor process
INFO: Error parsing HTTP request header
 Note: further occurrences of HTTP header parsing errors will be logged at DEBUG level.
Nov 02, 2014 11:06:25 PM org.apache.catalina.core.StandardServer await
INFO: A valid shutdown command was received via the shutdown port. Stopping the Server instance.
Nov 02, 2014 11:06:25 PM org.apache.coyote.AbstractProtocol pause
INFO: Pausing ProtocolHandler ["http-bio-8080"]
Nov 02, 2014 11:06:25 PM org.apache.coyote.AbstractProtocol pause
INFO: Pausing ProtocolHandler ["ajp-bio-8009"]
Nov 02, 2014 11:06:25 PM org.apache.catalina.core.StandardService stopInternal
INFO: Stopping service Catalina
Nov 02, 2014 11:06:25 PM org.apache.coyote.AbstractProtocol stop
INFO: Stopping ProtocolHandler ["http-bio-8080"]
Nov 02, 2014 11:06:25 PM org.apache.coyote.AbstractProtocol stop
INFO: Stopping ProtocolHandler ["ajp-bio-8009"]
Nov 02, 2014 11:06:25 PM org.apache.coyote.AbstractProtocol destroy
INFO: Destroying ProtocolHandler ["http-bio-8080"]
Nov 02, 2014 11:06:25 PM org.apache.coyote.AbstractProtocol destroy
INFO: Destroying ProtocolHandler ["ajp-bio-8009"]
Nov 02, 2014 11:06:28 PM org.apache.catalina.core.AprLifecycleListener init
INFO: The APR based Apache Tomcat Native library which allows optimal performance in production environments was not found on the java.library.path: /Applications/NetBeans/NetBeans 8.0.1.app/Contents/Resources/NetBeans/webcommon/bin::/Users/RedPencil/Library/Java/Extensions:/Library/Java/Extensions:/Network/Library/Java/Extensions:/System/Library/Java/Extensions:/usr/lib/java:.
Nov 02, 2014 11:06:28 PM org.apache.coyote.AbstractProtocol init
INFO: Initializing ProtocolHandler ["http-bio-8080"]
Nov 02, 2014 11:06:28 PM org.apache.coyote.AbstractProtocol init
INFO: Initializing ProtocolHandler ["ajp-bio-8009"]
Nov 02, 2014 11:06:28 PM org.apache.catalina.startup.Catalina load
INFO: Initialization processed in 540 ms
Nov 02, 2014 11:06:28 PM org.apache.catalina.core.StandardService startInternal
INFO: Starting service Catalina
Nov 02, 2014 11:06:28 PM org.apache.catalina.core.StandardEngine startInternal
INFO: Starting Servlet Engine: Apache Tomcat/7.0.55
Nov 02, 2014 11:06:28 PM org.apache.catalina.startup.HostConfig deployDescriptor
INFO: Deploying configuration descriptor /Users/RedPencil/Documents/GitHub/SE452/Tomcat/conf/Catalina/localhost/TestProject.xml
Nov 02, 2014 11:06:30 PM org.apache.catalina.startup.HostConfig deployDescriptor
INFO: Deployment of configuration descriptor /Users/RedPencil/Documents/GitHub/SE452/Tomcat/conf/Catalina/localhost/TestProject.xml has finished in 1,550 ms
Nov 02, 2014 11:06:30 PM org.apache.catalina.startup.HostConfig deployDirectory
INFO: Deploying web application directory /Users/RedPencil/Documents/GitHub/SE452/Tomcat/webapps/docs
Nov 02, 2014 11:06:30 PM org.apache.catalina.startup.HostConfig deployDirectory
INFO: Deployment of web application directory /Users/RedPencil/Documents/GitHub/SE452/Tomcat/webapps/docs has finished in 185 ms
Nov 02, 2014 11:06:30 PM org.apache.catalina.startup.HostConfig deployDirectory
INFO: Deploying web application directory /Users/RedPencil/Documents/GitHub/SE452/Tomcat/webapps/examples
Nov 02, 2014 11:06:30 PM org.apache.catalina.startup.HostConfig deployDirectory
INFO: Deployment of web application directory /Users/RedPencil/Documents/GitHub/SE452/Tomcat/webapps/examples has finished in 415 ms
Nov 02, 2014 11:06:30 PM org.apache.catalina.startup.HostConfig deployDirectory
INFO: Deploying web application directory /Users/RedPencil/Documents/GitHub/SE452/Tomcat/webapps/host-manager
Nov 02, 2014 11:06:31 PM org.apache.catalina.startup.HostConfig deployDirectory
INFO: Deployment of web application directory /Users/RedPencil/Documents/GitHub/SE452/Tomcat/webapps/host-manager has finished in 227 ms
Nov 02, 2014 11:06:31 PM org.apache.catalina.startup.HostConfig deployDirectory
INFO: Deploying web application directory /Users/RedPencil/Documents/GitHub/SE452/Tomcat/webapps/manager
Nov 02, 2014 11:06:31 PM org.apache.catalina.startup.HostConfig deployDirectory
INFO: Deployment of web application directory /Users/RedPencil/Documents/GitHub/SE452/Tomcat/webapps/manager has finished in 209 ms
Nov 02, 2014 11:06:31 PM org.apache.catalina.startup.HostConfig deployDirectory
INFO: Deploying web application directory /Users/RedPencil/Documents/GitHub/SE452/Tomcat/webapps/ROOT
Nov 02, 2014 11:06:31 PM org.apache.catalina.startup.HostConfig deployDirectory
INFO: Deployment of web application directory /Users/RedPencil/Documents/GitHub/SE452/Tomcat/webapps/ROOT has finished in 235 ms
Nov 02, 2014 11:06:31 PM org.apache.coyote.AbstractProtocol start
INFO: Starting ProtocolHandler ["http-bio-8080"]
Nov 02, 2014 11:06:31 PM org.apache.coyote.AbstractProtocol start
INFO: Starting ProtocolHandler ["ajp-bio-8009"]
Nov 02, 2014 11:06:31 PM org.apache.catalina.startup.Catalina start
INFO: Server startup in 2881 ms
Nov 02, 2014 11:07:10 PM org.apache.coyote.http11.AbstractHttp11Processor process
INFO: Error parsing HTTP request header
 Note: further occurrences of HTTP header parsing errors will be logged at DEBUG level.
Nov 02, 2014 11:07:14 PM org.apache.catalina.core.StandardServer await
INFO: A valid shutdown command was received via the shutdown port. Stopping the Server instance.
Nov 02, 2014 11:07:14 PM org.apache.coyote.AbstractProtocol pause
INFO: Pausing ProtocolHandler ["http-bio-8080"]
Nov 02, 2014 11:07:14 PM org.apache.coyote.AbstractProtocol pause
INFO: Pausing ProtocolHandler ["ajp-bio-8009"]
Nov 02, 2014 11:07:14 PM org.apache.catalina.core.StandardService stopInternal
INFO: Stopping service Catalina
Nov 02, 2014 11:07:14 PM org.apache.coyote.AbstractProtocol stop
INFO: Stopping ProtocolHandler ["http-bio-8080"]
Nov 02, 2014 11:07:14 PM org.apache.coyote.AbstractProtocol stop
INFO: Stopping ProtocolHandler ["ajp-bio-8009"]
Nov 02, 2014 11:07:14 PM org.apache.coyote.AbstractProtocol destroy
INFO: Destroying ProtocolHandler ["http-bio-8080"]
Nov 02, 2014 11:07:14 PM org.apache.coyote.AbstractProtocol destroy
INFO: Destroying ProtocolHandler ["ajp-bio-8009"]
Nov 02, 2014 11:08:09 PM org.apache.catalina.core.AprLifecycleListener init
INFO: The APR based Apache Tomcat Native library which allows optimal performance in production environments was not found on the java.library.path: /Applications/NetBeans/NetBeans 8.0.1.app/Contents/Resources/NetBeans/webcommon/bin::/Users/RedPencil/Library/Java/Extensions:/Library/Java/Extensions:/Network/Library/Java/Extensions:/System/Library/Java/Extensions:/usr/lib/java:.
Nov 02, 2014 11:08:09 PM org.apache.coyote.AbstractProtocol init
INFO: Initializing ProtocolHandler ["http-bio-8080"]
Nov 02, 2014 11:08:09 PM org.apache.coyote.AbstractProtocol init
INFO: Initializing ProtocolHandler ["ajp-bio-8009"]
Nov 02, 2014 11:08:09 PM org.apache.catalina.startup.Catalina load
INFO: Initialization processed in 593 ms
Nov 02, 2014 11:08:09 PM org.apache.catalina.core.StandardService startInternal
INFO: Starting service Catalina
Nov 02, 2014 11:08:09 PM org.apache.catalina.core.StandardEngine startInternal
INFO: Starting Servlet Engine: Apache Tomcat/7.0.55
Nov 02, 2014 11:08:09 PM org.apache.catalina.startup.HostConfig deployDescriptor
INFO: Deploying configuration descriptor /Users/RedPencil/Documents/GitHub/SE452/Tomcat/conf/Catalina/localhost/TestProject.xml
Nov 02, 2014 11:08:10 PM org.apache.catalina.startup.HostConfig deployDescriptor
INFO: Deployment of configuration descriptor /Users/RedPencil/Documents/GitHub/SE452/Tomcat/conf/Catalina/localhost/TestProject.xml has finished in 1,570 ms
Nov 02, 2014 11:08:10 PM org.apache.catalina.startup.HostConfig deployDirectory
INFO: Deploying web application directory /Users/RedPencil/Documents/GitHub/SE452/Tomcat/webapps/docs
Nov 02, 2014 11:08:11 PM org.apache.catalina.startup.HostConfig deployDirectory
INFO: Deployment of web application directory /Users/RedPencil/Documents/GitHub/SE452/Tomcat/webapps/docs has finished in 169 ms
Nov 02, 2014 11:08:11 PM org.apache.catalina.startup.HostConfig deployDirectory
INFO: Deploying web application directory /Users/RedPencil/Documents/GitHub/SE452/Tomcat/webapps/examples
Nov 02, 2014 11:08:11 PM org.apache.catalina.startup.HostConfig deployDirectory
INFO: Deployment of web application directory /Users/RedPencil/Documents/GitHub/SE452/Tomcat/webapps/examples has finished in 362 ms
Nov 02, 2014 11:08:11 PM org.apache.catalina.startup.HostConfig deployDirectory
INFO: Deploying web application directory /Users/RedPencil/Documents/GitHub/SE452/Tomcat/webapps/host-manager
Nov 02, 2014 11:08:11 PM org.apache.catalina.startup.HostConfig deployDirectory
INFO: Deployment of web application directory /Users/RedPencil/Documents/GitHub/SE452/Tomcat/webapps/host-manager has finished in 218 ms
Nov 02, 2014 11:08:11 PM org.apache.catalina.startup.HostConfig deployDirectory
INFO: Deploying web application directory /Users/RedPencil/Documents/GitHub/SE452/Tomcat/webapps/manager
Nov 02, 2014 11:08:11 PM org.apache.catalina.startup.HostConfig deployDirectory
INFO: Deployment of web application directory /Users/RedPencil/Documents/GitHub/SE452/Tomcat/webapps/manager has finished in 195 ms
Nov 02, 2014 11:08:11 PM org.apache.catalina.startup.HostConfig deployDirectory
INFO: Deploying web application directory /Users/RedPencil/Documents/GitHub/SE452/Tomcat/webapps/ROOT
Nov 02, 2014 11:08:12 PM org.apache.catalina.startup.HostConfig deployDirectory
INFO: Deployment of web application directory /Users/RedPencil/Documents/GitHub/SE452/Tomcat/webapps/ROOT has finished in 231 ms
Nov 02, 2014 11:08:12 PM org.apache.coyote.AbstractProtocol start
INFO: Starting ProtocolHandler ["http-bio-8080"]
Nov 02, 2014 11:08:12 PM org.apache.coyote.AbstractProtocol start
INFO: Starting ProtocolHandler ["ajp-bio-8009"]
Nov 02, 2014 11:08:12 PM org.apache.catalina.startup.Catalina start
INFO: Server startup in 2798 ms
Nov 02, 2014 11:08:13 PM org.apache.catalina.startup.HostConfig undeploy
INFO: Undeploying context [/TestProject]
Nov 02, 2014 11:08:13 PM org.apache.catalina.startup.HostConfig deployDescriptor
INFO: Deploying configuration descriptor /Users/RedPencil/Documents/GitHub/SE452/Tomcat/conf/Catalina/localhost/TestProject.xml
Nov 02, 2014 11:08:14 PM org.apache.catalina.startup.HostConfig deployDescriptor
INFO: Deployment of configuration descriptor /Users/RedPencil/Documents/GitHub/SE452/Tomcat/conf/Catalina/localhost/TestProject.xml has finished in 861 ms
Nov 02, 2014 11:08:14 PM org.apache.catalina.util.LifecycleBase start
INFO: The start() method was called on component [StandardEngine[Catalina].StandardHost[localhost].StandardContext[/TestProject]] after start() had already been called. The second call will be ignored.
Nov 02, 2014 11:08:53 PM org.apache.catalina.startup.HostConfig undeploy
INFO: Undeploying context [/TestProject]
Nov 02, 2014 11:09:01 PM org.apache.catalina.startup.HostConfig deployDescriptor
INFO: Deploying configuration descriptor /Users/RedPencil/Documents/GitHub/SE452/Tomcat/conf/Catalina/localhost/TestProject.xml
Nov 02, 2014 11:09:02 PM org.apache.catalina.startup.HostConfig deployDescriptor
INFO: Deployment of configuration descriptor /Users/RedPencil/Documents/GitHub/SE452/Tomcat/conf/Catalina/localhost/TestProject.xml has finished in 796 ms
Nov 02, 2014 11:09:02 PM org.apache.catalina.util.LifecycleBase start
INFO: The start() method was called on component [StandardEngine[Catalina].StandardHost[localhost].StandardContext[/TestProject]] after start() had already been called. The second call will be ignored.
Nov 02, 2014 11:11:12 PM org.apache.catalina.startup.HostConfig undeploy
INFO: Undeploying context [/TestProject]
Nov 02, 2014 11:11:23 PM org.apache.catalina.startup.HostConfig deployDescriptor
INFO: Deploying configuration descriptor /Users/RedPencil/Documents/GitHub/SE452/Tomcat/conf/Catalina/localhost/TestProject.xml
Nov 02, 2014 11:11:24 PM org.apache.catalina.startup.HostConfig deployDescriptor
INFO: Deployment of configuration descriptor /Users/RedPencil/Documents/GitHub/SE452/Tomcat/conf/Catalina/localhost/TestProject.xml has finished in 834 ms
Nov 02, 2014 11:11:24 PM org.apache.catalina.util.LifecycleBase start
INFO: The start() method was called on component [StandardEngine[Catalina].StandardHost[localhost].StandardContext[/TestProject]] after start() had already been called. The second call will be ignored.
Nov 02, 2014 11:12:15 PM org.apache.catalina.startup.HostConfig undeploy
INFO: Undeploying context [/TestProject]
Nov 02, 2014 11:12:32 PM org.apache.catalina.startup.HostConfig deployDescriptor
INFO: Deploying configuration descriptor /Users/RedPencil/Documents/GitHub/SE452/Tomcat/conf/Catalina/localhost/TestProject.xml
Nov 02, 2014 11:12:32 PM org.apache.catalina.startup.HostConfig deployDescriptor
INFO: Deployment of configuration descriptor /Users/RedPencil/Documents/GitHub/SE452/Tomcat/conf/Catalina/localhost/TestProject.xml has finished in 660 ms
Nov 02, 2014 11:12:32 PM org.apache.catalina.util.LifecycleBase start
INFO: The start() method was called on component [StandardEngine[Catalina].StandardHost[localhost].StandardContext[/TestProject]] after start() had already been called. The second call will be ignored.
Nov 02, 2014 11:14:47 PM org.apache.catalina.startup.HostConfig undeploy
INFO: Undeploying context [/TestProject]
Nov 02, 2014 11:14:56 PM org.apache.catalina.startup.HostConfig deployDescriptor
INFO: Deploying configuration descriptor /Users/RedPencil/Documents/GitHub/SE452/Tomcat/conf/Catalina/localhost/TestProject.xml
Nov 02, 2014 11:14:57 PM org.apache.catalina.startup.HostConfig deployDescriptor
INFO: Deployment of configuration descriptor /Users/RedPencil/Documents/GitHub/SE452/Tomcat/conf/Catalina/localhost/TestProject.xml has finished in 735 ms
Nov 02, 2014 11:14:57 PM org.apache.catalina.util.LifecycleBase start
INFO: The start() method was called on component [StandardEngine[Catalina].StandardHost[localhost].StandardContext[/TestProject]] after start() had already been called. The second call will be ignored.
Nov 02, 2014 11:15:34 PM org.apache.catalina.startup.HostConfig undeploy
INFO: Undeploying context [/TestProject]
Nov 02, 2014 11:15:34 PM org.apache.catalina.startup.HostConfig deployDescriptor
INFO: Deploying configuration descriptor /Users/RedPencil/Documents/GitHub/SE452/Tomcat/conf/Catalina/localhost/TestProject.xml
Nov 02, 2014 11:15:35 PM org.apache.catalina.startup.HostConfig deployDescriptor
INFO: Deployment of configuration descriptor /Users/RedPencil/Documents/GitHub/SE452/Tomcat/conf/Catalina/localhost/TestProject.xml has finished in 827 ms
Nov 02, 2014 11:15:35 PM org.apache.catalina.util.LifecycleBase start
INFO: The start() method was called on component [StandardEngine[Catalina].StandardHost[localhost].StandardContext[/TestProject]] after start() had already been called. The second call will be ignored.
Nov 02, 2014 11:23:37 PM org.apache.catalina.startup.HostConfig undeploy
INFO: Undeploying context [/TestProject]
Nov 02, 2014 11:23:37 PM org.apache.catalina.startup.HostConfig deployDescriptor
INFO: Deploying configuration descriptor /Users/RedPencil/Documents/GitHub/SE452/Tomcat/conf/Catalina/localhost/TestProject.xml
Nov 02, 2014 11:23:38 PM org.apache.catalina.startup.HostConfig deployDescriptor
INFO: Deployment of configuration descriptor /Users/RedPencil/Documents/GitHub/SE452/Tomcat/conf/Catalina/localhost/TestProject.xml has finished in 702 ms
Nov 02, 2014 11:23:43 PM org.apache.catalina.startup.HostConfig undeploy
INFO: Undeploying context [/TestProject]
Nov 02, 2014 11:23:43 PM org.apache.catalina.startup.HostConfig deployDescriptor
INFO: Deploying configuration descriptor /Users/RedPencil/Documents/GitHub/SE452/Tomcat/conf/Catalina/localhost/TestProject.xml
Nov 02, 2014 11:23:43 PM org.apache.catalina.startup.HostConfig deployDescriptor
INFO: Deployment of configuration descriptor /Users/RedPencil/Documents/GitHub/SE452/Tomcat/conf/Catalina/localhost/TestProject.xml has finished in 635 ms
Nov 02, 2014 11:23:43 PM org.apache.catalina.util.LifecycleBase start
INFO: The start() method was called on component [StandardEngine[Catalina].StandardHost[localhost].StandardContext[/TestProject]] after start() had already been called. The second call will be ignored.
Nov 02, 2014 11:48:19 PM org.apache.catalina.core.StandardServer await
INFO: A valid shutdown command was received via the shutdown port. Stopping the Server instance.
Nov 02, 2014 11:48:19 PM org.apache.coyote.AbstractProtocol pause
INFO: Pausing ProtocolHandler ["http-bio-8080"]
Nov 02, 2014 11:48:19 PM org.apache.coyote.AbstractProtocol pause
INFO: Pausing ProtocolHandler ["ajp-bio-8009"]
Nov 02, 2014 11:48:19 PM org.apache.catalina.core.StandardService stopInternal
INFO: Stopping service Catalina
Nov 02, 2014 11:48:19 PM org.apache.coyote.AbstractProtocol stop
INFO: Stopping ProtocolHandler ["http-bio-8080"]
Nov 02, 2014 11:48:19 PM org.apache.coyote.AbstractProtocol stop
INFO: Stopping ProtocolHandler ["ajp-bio-8009"]
Nov 02, 2014 11:48:19 PM org.apache.coyote.AbstractProtocol destroy
INFO: Destroying ProtocolHandler ["http-bio-8080"]
Nov 02, 2014 11:48:19 PM org.apache.coyote.AbstractProtocol destroy
INFO: Destroying ProtocolHandler ["ajp-bio-8009"]
