Sep 28, 2014 8:25:18 PM org.apache.catalina.core.AprLifecycleListener init
INFO: The APR based Apache Tomcat Native library which allows optimal performance in production environments was not found on the java.library.path: /Users/RedPencil/Library/Java/Extensions:/Library/Java/Extensions:/Network/Library/Java/Extensions:/System/Library/Java/Extensions:/usr/lib/java:.
Sep 28, 2014 8:25:18 PM org.apache.coyote.AbstractProtocol init
INFO: Initializing ProtocolHandler ["http-bio-8080"]
Sep 28, 2014 8:25:18 PM org.apache.coyote.AbstractProtocol init
INFO: Initializing ProtocolHandler ["ajp-bio-8009"]
Sep 28, 2014 8:25:18 PM org.apache.catalina.startup.Catalina load
INFO: Initialization processed in 548 ms
Sep 28, 2014 8:25:18 PM org.apache.catalina.core.StandardService startInternal
INFO: Starting service Catalina
Sep 28, 2014 8:25:18 PM org.apache.catalina.core.StandardEngine startInternal
INFO: Starting Servlet Engine: Apache Tomcat/7.0.55
Sep 28, 2014 8:25:18 PM org.apache.catalina.startup.HostConfig deployDirectory
INFO: Deploying web application directory /Users/RedPencil/Dropbox/SE 452/Tomcat/webapps/docs
Sep 28, 2014 8:25:19 PM org.apache.catalina.startup.HostConfig deployDirectory
INFO: Deployment of web application directory /Users/RedPencil/Dropbox/SE 452/Tomcat/webapps/docs has finished in 358 ms
Sep 28, 2014 8:25:19 PM org.apache.catalina.startup.HostConfig deployDirectory
INFO: Deploying web application directory /Users/RedPencil/Dropbox/SE 452/Tomcat/webapps/examples
Sep 28, 2014 8:25:19 PM org.apache.catalina.startup.HostConfig deployDirectory
INFO: Deployment of web application directory /Users/RedPencil/Dropbox/SE 452/Tomcat/webapps/examples has finished in 313 ms
Sep 28, 2014 8:25:19 PM org.apache.catalina.startup.HostConfig deployDirectory
INFO: Deploying web application directory /Users/RedPencil/Dropbox/SE 452/Tomcat/webapps/host-manager
Sep 28, 2014 8:25:19 PM org.apache.catalina.startup.HostConfig deployDirectory
INFO: Deployment of web application directory /Users/RedPencil/Dropbox/SE 452/Tomcat/webapps/host-manager has finished in 70 ms
Sep 28, 2014 8:25:19 PM org.apache.catalina.startup.HostConfig deployDirectory
INFO: Deploying web application directory /Users/RedPencil/Dropbox/SE 452/Tomcat/webapps/manager
Sep 28, 2014 8:25:19 PM org.apache.catalina.startup.HostConfig deployDirectory
INFO: Deployment of web application directory /Users/RedPencil/Dropbox/SE 452/Tomcat/webapps/manager has finished in 58 ms
Sep 28, 2014 8:25:19 PM org.apache.catalina.startup.HostConfig deployDirectory
INFO: Deploying web application directory /Users/RedPencil/Dropbox/SE 452/Tomcat/webapps/ROOT
Sep 28, 2014 8:25:19 PM org.apache.catalina.startup.HostConfig deployDirectory
INFO: Deployment of web application directory /Users/RedPencil/Dropbox/SE 452/Tomcat/webapps/ROOT has finished in 52 ms
Sep 28, 2014 8:25:19 PM org.apache.coyote.AbstractProtocol start
INFO: Starting ProtocolHandler ["http-bio-8080"]
Sep 28, 2014 8:25:19 PM org.apache.coyote.AbstractProtocol start
INFO: Starting ProtocolHandler ["ajp-bio-8009"]
Sep 28, 2014 8:25:19 PM org.apache.catalina.startup.Catalina start
INFO: Server startup in 903 ms
Sep 28, 2014 8:25:36 PM org.apache.catalina.core.StandardServer await
INFO: A valid shutdown command was received via the shutdown port. Stopping the Server instance.
Sep 28, 2014 8:25:36 PM org.apache.coyote.AbstractProtocol pause
INFO: Pausing ProtocolHandler ["http-bio-8080"]
Sep 28, 2014 8:25:36 PM org.apache.coyote.AbstractProtocol pause
INFO: Pausing ProtocolHandler ["ajp-bio-8009"]
Sep 28, 2014 8:25:36 PM org.apache.catalina.core.StandardService stopInternal
INFO: Stopping service Catalina
Sep 28, 2014 8:25:36 PM org.apache.coyote.AbstractProtocol stop
INFO: Stopping ProtocolHandler ["http-bio-8080"]
Sep 28, 2014 8:25:36 PM org.apache.coyote.AbstractProtocol stop
INFO: Stopping ProtocolHandler ["ajp-bio-8009"]
Sep 28, 2014 8:25:36 PM org.apache.coyote.AbstractProtocol destroy
INFO: Destroying ProtocolHandler ["http-bio-8080"]
Sep 28, 2014 8:25:36 PM org.apache.coyote.AbstractProtocol destroy
INFO: Destroying ProtocolHandler ["ajp-bio-8009"]
Sep 28, 2014 8:29:02 PM org.apache.catalina.core.AprLifecycleListener init
INFO: The APR based Apache Tomcat Native library which allows optimal performance in production environments was not found on the java.library.path: /Users/RedPencil/Library/Java/Extensions:/Library/Java/Extensions:/Network/Library/Java/Extensions:/System/Library/Java/Extensions:/usr/lib/java:.
Sep 28, 2014 8:29:03 PM org.apache.coyote.AbstractProtocol init
INFO: Initializing ProtocolHandler ["http-bio-8080"]
Sep 28, 2014 8:29:03 PM org.apache.coyote.AbstractProtocol init
INFO: Initializing ProtocolHandler ["ajp-bio-8009"]
Sep 28, 2014 8:29:03 PM org.apache.catalina.startup.Catalina load
INFO: Initialization processed in 483 ms
Sep 28, 2014 8:29:03 PM org.apache.catalina.core.StandardService startInternal
INFO: Starting service Catalina
Sep 28, 2014 8:29:03 PM org.apache.catalina.core.StandardEngine startInternal
INFO: Starting Servlet Engine: Apache Tomcat/7.0.55
Sep 28, 2014 8:29:03 PM org.apache.catalina.startup.HostConfig deployDirectory
INFO: Deploying web application directory /Users/RedPencil/Dropbox/SE 452/Tomcat/webapps/docs
Sep 28, 2014 8:29:03 PM org.apache.catalina.startup.HostConfig deployDirectory
INFO: Deployment of web application directory /Users/RedPencil/Dropbox/SE 452/Tomcat/webapps/docs has finished in 320 ms
Sep 28, 2014 8:29:03 PM org.apache.catalina.startup.HostConfig deployDirectory
INFO: Deploying web application directory /Users/RedPencil/Dropbox/SE 452/Tomcat/webapps/examples
Sep 28, 2014 8:29:03 PM org.apache.catalina.startup.HostConfig deployDirectory
INFO: Deployment of web application directory /Users/RedPencil/Dropbox/SE 452/Tomcat/webapps/examples has finished in 308 ms
Sep 28, 2014 8:29:03 PM org.apache.catalina.startup.HostConfig deployDirectory
INFO: Deploying web application directory /Users/RedPencil/Dropbox/SE 452/Tomcat/webapps/host-manager
Sep 28, 2014 8:29:03 PM org.apache.catalina.startup.HostConfig deployDirectory
INFO: Deployment of web application directory /Users/RedPencil/Dropbox/SE 452/Tomcat/webapps/host-manager has finished in 56 ms
Sep 28, 2014 8:29:03 PM org.apache.catalina.startup.HostConfig deployDirectory
INFO: Deploying web application directory /Users/RedPencil/Dropbox/SE 452/Tomcat/webapps/manager
Sep 28, 2014 8:29:03 PM org.apache.catalina.startup.HostConfig deployDirectory
INFO: Deployment of web application directory /Users/RedPencil/Dropbox/SE 452/Tomcat/webapps/manager has finished in 48 ms
Sep 28, 2014 8:29:03 PM org.apache.catalina.startup.HostConfig deployDirectory
INFO: Deploying web application directory /Users/RedPencil/Dropbox/SE 452/Tomcat/webapps/ROOT
Sep 28, 2014 8:29:03 PM org.apache.catalina.startup.HostConfig deployDirectory
INFO: Deployment of web application directory /Users/RedPencil/Dropbox/SE 452/Tomcat/webapps/ROOT has finished in 45 ms
Sep 28, 2014 8:29:03 PM org.apache.coyote.AbstractProtocol start
INFO: Starting ProtocolHandler ["http-bio-8080"]
Sep 28, 2014 8:29:03 PM org.apache.coyote.AbstractProtocol start
INFO: Starting ProtocolHandler ["ajp-bio-8009"]
Sep 28, 2014 8:29:03 PM org.apache.catalina.startup.Catalina start
INFO: Server startup in 826 ms
Sep 28, 2014 8:29:11 PM org.apache.catalina.core.StandardServer await
INFO: A valid shutdown command was received via the shutdown port. Stopping the Server instance.
Sep 28, 2014 8:29:11 PM org.apache.coyote.AbstractProtocol pause
INFO: Pausing ProtocolHandler ["http-bio-8080"]
Sep 28, 2014 8:29:11 PM org.apache.coyote.AbstractProtocol pause
INFO: Pausing ProtocolHandler ["ajp-bio-8009"]
Sep 28, 2014 8:29:11 PM org.apache.catalina.core.StandardService stopInternal
INFO: Stopping service Catalina
Sep 28, 2014 8:29:11 PM org.apache.coyote.AbstractProtocol stop
INFO: Stopping ProtocolHandler ["http-bio-8080"]
Sep 28, 2014 8:29:11 PM org.apache.coyote.AbstractProtocol stop
INFO: Stopping ProtocolHandler ["ajp-bio-8009"]
Sep 28, 2014 8:29:11 PM org.apache.coyote.AbstractProtocol destroy
INFO: Destroying ProtocolHandler ["http-bio-8080"]
Sep 28, 2014 8:29:11 PM org.apache.coyote.AbstractProtocol destroy
INFO: Destroying ProtocolHandler ["ajp-bio-8009"]
Sep 28, 2014 8:35:05 PM org.apache.catalina.core.AprLifecycleListener init
INFO: The APR based Apache Tomcat Native library which allows optimal performance in production environments was not found on the java.library.path: /Users/RedPencil/Library/Java/Extensions:/Library/Java/Extensions:/Network/Library/Java/Extensions:/System/Library/Java/Extensions:/usr/lib/java:.
Sep 28, 2014 8:35:05 PM org.apache.coyote.AbstractProtocol init
INFO: Initializing ProtocolHandler ["http-bio-8080"]
Sep 28, 2014 8:35:05 PM org.apache.coyote.AbstractProtocol init
INFO: Initializing ProtocolHandler ["ajp-bio-8009"]
Sep 28, 2014 8:35:05 PM org.apache.catalina.startup.Catalina load
INFO: Initialization processed in 501 ms
Sep 28, 2014 8:35:05 PM org.apache.catalina.core.StandardService startInternal
INFO: Starting service Catalina
Sep 28, 2014 8:35:05 PM org.apache.catalina.core.StandardEngine startInternal
INFO: Starting Servlet Engine: Apache Tomcat/7.0.55
Sep 28, 2014 8:35:05 PM org.apache.catalina.startup.HostConfig deployDirectory
INFO: Deploying web application directory /Users/RedPencil/Dropbox/SE 452/Tomcat/webapps/docs
Sep 28, 2014 8:35:06 PM org.apache.catalina.startup.HostConfig deployDirectory
INFO: Deployment of web application directory /Users/RedPencil/Dropbox/SE 452/Tomcat/webapps/docs has finished in 356 ms
Sep 28, 2014 8:35:06 PM org.apache.catalina.startup.HostConfig deployDirectory
INFO: Deploying web application directory /Users/RedPencil/Dropbox/SE 452/Tomcat/webapps/examples
Sep 28, 2014 8:35:06 PM org.apache.catalina.startup.HostConfig deployDirectory
INFO: Deployment of web application directory /Users/RedPencil/Dropbox/SE 452/Tomcat/webapps/examples has finished in 333 ms
Sep 28, 2014 8:35:06 PM org.apache.catalina.startup.HostConfig deployDirectory
INFO: Deploying web application directory /Users/RedPencil/Dropbox/SE 452/Tomcat/webapps/host-manager
Sep 28, 2014 8:35:06 PM org.apache.catalina.startup.HostConfig deployDirectory
INFO: Deployment of web application directory /Users/RedPencil/Dropbox/SE 452/Tomcat/webapps/host-manager has finished in 55 ms
Sep 28, 2014 8:35:06 PM org.apache.catalina.startup.HostConfig deployDirectory
INFO: Deploying web application directory /Users/RedPencil/Dropbox/SE 452/Tomcat/webapps/manager
Sep 28, 2014 8:35:06 PM org.apache.catalina.startup.HostConfig deployDirectory
INFO: Deployment of web application directory /Users/RedPencil/Dropbox/SE 452/Tomcat/webapps/manager has finished in 58 ms
Sep 28, 2014 8:35:06 PM org.apache.catalina.startup.HostConfig deployDirectory
INFO: Deploying web application directory /Users/RedPencil/Dropbox/SE 452/Tomcat/webapps/ROOT
Sep 28, 2014 8:35:06 PM org.apache.catalina.startup.HostConfig deployDirectory
INFO: Deployment of web application directory /Users/RedPencil/Dropbox/SE 452/Tomcat/webapps/ROOT has finished in 48 ms
Sep 28, 2014 8:35:06 PM org.apache.coyote.AbstractProtocol start
INFO: Starting ProtocolHandler ["http-bio-8080"]
Sep 28, 2014 8:35:06 PM org.apache.coyote.AbstractProtocol start
INFO: Starting ProtocolHandler ["ajp-bio-8009"]
Sep 28, 2014 8:35:06 PM org.apache.catalina.startup.Catalina start
INFO: Server startup in 898 ms
Sep 28, 2014 8:35:34 PM org.apache.catalina.core.StandardServer await
INFO: A valid shutdown command was received via the shutdown port. Stopping the Server instance.
Sep 28, 2014 8:35:34 PM org.apache.coyote.AbstractProtocol pause
INFO: Pausing ProtocolHandler ["http-bio-8080"]
Sep 28, 2014 8:35:35 PM org.apache.coyote.AbstractProtocol pause
INFO: Pausing ProtocolHandler ["ajp-bio-8009"]
Sep 28, 2014 8:35:35 PM org.apache.catalina.core.StandardService stopInternal
INFO: Stopping service Catalina
Sep 28, 2014 8:35:35 PM org.apache.catalina.loader.WebappClassLoader clearReferencesJdbc
WARNING: JDBC driver de-registration failed for web application []
java.lang.NullPointerException
	at org.apache.catalina.loader.WebappClassLoader.clearReferencesJdbc(WebappClassLoader.java:2071)
	at org.apache.catalina.loader.WebappClassLoader.clearReferences(WebappClassLoader.java:2007)
	at org.apache.catalina.loader.WebappClassLoader.stop(WebappClassLoader.java:1908)
	at org.apache.catalina.loader.WebappLoader.stopInternal(WebappLoader.java:661)
	at org.apache.catalina.util.LifecycleBase.stop(LifecycleBase.java:232)
	at org.apache.catalina.core.StandardContext.stopInternal(StandardContext.java:5728)
	at org.apache.catalina.util.LifecycleBase.stop(LifecycleBase.java:232)
	at org.apache.catalina.core.ContainerBase$StopChild.call(ContainerBase.java:1591)
	at org.apache.catalina.core.ContainerBase$StopChild.call(ContainerBase.java:1580)
	at java.util.concurrent.FutureTask.run(FutureTask.java:266)
	at java.util.concurrent.ThreadPoolExecutor.runWorker(ThreadPoolExecutor.java:1142)
	at java.util.concurrent.ThreadPoolExecutor$Worker.run(ThreadPoolExecutor.java:617)
	at java.lang.Thread.run(Thread.java:745)

Sep 28, 2014 8:35:35 PM org.apache.catalina.loader.WebappClassLoader clearReferencesJdbc
WARNING: JDBC driver de-registration failed for web application [/examples]
java.lang.NullPointerException
	at org.apache.catalina.loader.WebappClassLoader.clearReferencesJdbc(WebappClassLoader.java:2071)
	at org.apache.catalina.loader.WebappClassLoader.clearReferences(WebappClassLoader.java:2007)
	at org.apache.catalina.loader.WebappClassLoader.stop(WebappClassLoader.java:1908)
	at org.apache.catalina.loader.WebappLoader.stopInternal(WebappLoader.java:661)
	at org.apache.catalina.util.LifecycleBase.stop(LifecycleBase.java:232)
	at org.apache.catalina.core.StandardContext.stopInternal(StandardContext.java:5728)
	at org.apache.catalina.util.LifecycleBase.stop(LifecycleBase.java:232)
	at org.apache.catalina.core.ContainerBase$StopChild.call(ContainerBase.java:1591)
	at org.apache.catalina.core.ContainerBase$StopChild.call(ContainerBase.java:1580)
	at java.util.concurrent.FutureTask.run(FutureTask.java:266)
	at java.util.concurrent.ThreadPoolExecutor.runWorker(ThreadPoolExecutor.java:1142)
	at java.util.concurrent.ThreadPoolExecutor$Worker.run(ThreadPoolExecutor.java:617)
	at java.lang.Thread.run(Thread.java:745)

Sep 28, 2014 8:35:35 PM org.apache.catalina.loader.WebappClassLoader clearReferencesJdbc
WARNING: JDBC driver de-registration failed for web application [/host-manager]
java.lang.NullPointerException
	at org.apache.catalina.loader.WebappClassLoader.clearReferencesJdbc(WebappClassLoader.java:2071)
	at org.apache.catalina.loader.WebappClassLoader.clearReferences(WebappClassLoader.java:2007)
	at org.apache.catalina.loader.WebappClassLoader.stop(WebappClassLoader.java:1908)
	at org.apache.catalina.loader.WebappLoader.stopInternal(WebappLoader.java:661)
	at org.apache.catalina.util.LifecycleBase.stop(LifecycleBase.java:232)
	at org.apache.catalina.core.StandardContext.stopInternal(StandardContext.java:5728)
	at org.apache.catalina.util.LifecycleBase.stop(LifecycleBase.java:232)
	at org.apache.catalina.core.ContainerBase$StopChild.call(ContainerBase.java:1591)
	at org.apache.catalina.core.ContainerBase$StopChild.call(ContainerBase.java:1580)
	at java.util.concurrent.FutureTask.run(FutureTask.java:266)
	at java.util.concurrent.ThreadPoolExecutor.runWorker(ThreadPoolExecutor.java:1142)
	at java.util.concurrent.ThreadPoolExecutor$Worker.run(ThreadPoolExecutor.java:617)
	at java.lang.Thread.run(Thread.java:745)

Sep 28, 2014 8:35:35 PM org.apache.catalina.loader.WebappClassLoader clearReferencesJdbc
WARNING: JDBC driver de-registration failed for web application [/manager]
java.lang.NullPointerException
	at org.apache.catalina.loader.WebappClassLoader.clearReferencesJdbc(WebappClassLoader.java:2071)
	at org.apache.catalina.loader.WebappClassLoader.clearReferences(WebappClassLoader.java:2007)
	at org.apache.catalina.loader.WebappClassLoader.stop(WebappClassLoader.java:1908)
	at org.apache.catalina.loader.WebappLoader.stopInternal(WebappLoader.java:661)
	at org.apache.catalina.util.LifecycleBase.stop(LifecycleBase.java:232)
	at org.apache.catalina.core.StandardContext.stopInternal(StandardContext.java:5728)
	at org.apache.catalina.util.LifecycleBase.stop(LifecycleBase.java:232)
	at org.apache.catalina.core.ContainerBase$StopChild.call(ContainerBase.java:1591)
	at org.apache.catalina.core.ContainerBase$StopChild.call(ContainerBase.java:1580)
	at java.util.concurrent.FutureTask.run(FutureTask.java:266)
	at java.util.concurrent.ThreadPoolExecutor.runWorker(ThreadPoolExecutor.java:1142)
	at java.util.concurrent.ThreadPoolExecutor$Worker.run(ThreadPoolExecutor.java:617)
	at java.lang.Thread.run(Thread.java:745)

Sep 28, 2014 8:35:35 PM org.apache.catalina.loader.WebappClassLoader clearReferencesJdbc
WARNING: JDBC driver de-registration failed for web application [/docs]
java.lang.NullPointerException
	at org.apache.catalina.loader.WebappClassLoader.clearReferencesJdbc(WebappClassLoader.java:2071)
	at org.apache.catalina.loader.WebappClassLoader.clearReferences(WebappClassLoader.java:2007)
	at org.apache.catalina.loader.WebappClassLoader.stop(WebappClassLoader.java:1908)
	at org.apache.catalina.loader.WebappLoader.stopInternal(WebappLoader.java:661)
	at org.apache.catalina.util.LifecycleBase.stop(LifecycleBase.java:232)
	at org.apache.catalina.core.StandardContext.stopInternal(StandardContext.java:5728)
	at org.apache.catalina.util.LifecycleBase.stop(LifecycleBase.java:232)
	at org.apache.catalina.core.ContainerBase$StopChild.call(ContainerBase.java:1591)
	at org.apache.catalina.core.ContainerBase$StopChild.call(ContainerBase.java:1580)
	at java.util.concurrent.FutureTask.run(FutureTask.java:266)
	at java.util.concurrent.ThreadPoolExecutor.runWorker(ThreadPoolExecutor.java:1142)
	at java.util.concurrent.ThreadPoolExecutor$Worker.run(ThreadPoolExecutor.java:617)
	at java.lang.Thread.run(Thread.java:745)

Sep 28, 2014 8:35:35 PM org.apache.coyote.AbstractProtocol stop
INFO: Stopping ProtocolHandler ["http-bio-8080"]
Sep 28, 2014 8:35:35 PM org.apache.coyote.AbstractProtocol stop
INFO: Stopping ProtocolHandler ["ajp-bio-8009"]
Sep 28, 2014 8:35:35 PM org.apache.coyote.AbstractProtocol destroy
INFO: Destroying ProtocolHandler ["http-bio-8080"]
Sep 28, 2014 8:35:35 PM org.apache.coyote.AbstractProtocol destroy
INFO: Destroying ProtocolHandler ["ajp-bio-8009"]
Sep 28, 2014 8:36:00 PM org.apache.catalina.core.AprLifecycleListener init
INFO: The APR based Apache Tomcat Native library which allows optimal performance in production environments was not found on the java.library.path: /Users/RedPencil/Library/Java/Extensions:/Library/Java/Extensions:/Network/Library/Java/Extensions:/System/Library/Java/Extensions:/usr/lib/java:.
Sep 28, 2014 8:36:00 PM org.apache.coyote.AbstractProtocol init
INFO: Initializing ProtocolHandler ["http-bio-8080"]
Sep 28, 2014 8:36:00 PM org.apache.coyote.AbstractProtocol init
INFO: Initializing ProtocolHandler ["ajp-bio-8009"]
Sep 28, 2014 8:36:00 PM org.apache.catalina.startup.Catalina load
INFO: Initialization processed in 562 ms
Sep 28, 2014 8:36:00 PM org.apache.catalina.core.StandardService startInternal
INFO: Starting service Catalina
Sep 28, 2014 8:36:00 PM org.apache.catalina.core.StandardEngine startInternal
INFO: Starting Servlet Engine: Apache Tomcat/7.0.55
Sep 28, 2014 8:36:00 PM org.apache.catalina.startup.HostConfig deployDirectory
INFO: Deploying web application directory /Users/RedPencil/Dropbox/SE452/Tomcat/webapps/docs
Sep 28, 2014 8:36:01 PM org.apache.catalina.startup.HostConfig deployDirectory
INFO: Deployment of web application directory /Users/RedPencil/Dropbox/SE452/Tomcat/webapps/docs has finished in 360 ms
Sep 28, 2014 8:36:01 PM org.apache.catalina.startup.HostConfig deployDirectory
INFO: Deploying web application directory /Users/RedPencil/Dropbox/SE452/Tomcat/webapps/examples
Sep 28, 2014 8:36:01 PM org.apache.catalina.startup.HostConfig deployDirectory
INFO: Deployment of web application directory /Users/RedPencil/Dropbox/SE452/Tomcat/webapps/examples has finished in 394 ms
Sep 28, 2014 8:36:01 PM org.apache.catalina.startup.HostConfig deployDirectory
INFO: Deploying web application directory /Users/RedPencil/Dropbox/SE452/Tomcat/webapps/host-manager
Sep 28, 2014 8:36:01 PM org.apache.catalina.startup.HostConfig deployDirectory
INFO: Deployment of web application directory /Users/RedPencil/Dropbox/SE452/Tomcat/webapps/host-manager has finished in 63 ms
Sep 28, 2014 8:36:01 PM org.apache.catalina.startup.HostConfig deployDirectory
INFO: Deploying web application directory /Users/RedPencil/Dropbox/SE452/Tomcat/webapps/manager
Sep 28, 2014 8:36:01 PM org.apache.catalina.startup.HostConfig deployDirectory
INFO: Deployment of web application directory /Users/RedPencil/Dropbox/SE452/Tomcat/webapps/manager has finished in 61 ms
Sep 28, 2014 8:36:01 PM org.apache.catalina.startup.HostConfig deployDirectory
INFO: Deploying web application directory /Users/RedPencil/Dropbox/SE452/Tomcat/webapps/ROOT
Sep 28, 2014 8:36:01 PM org.apache.catalina.startup.HostConfig deployDirectory
INFO: Deployment of web application directory /Users/RedPencil/Dropbox/SE452/Tomcat/webapps/ROOT has finished in 56 ms
Sep 28, 2014 8:36:01 PM org.apache.coyote.AbstractProtocol start
INFO: Starting ProtocolHandler ["http-bio-8080"]
Sep 28, 2014 8:36:01 PM org.apache.coyote.AbstractProtocol start
INFO: Starting ProtocolHandler ["ajp-bio-8009"]
Sep 28, 2014 8:36:01 PM org.apache.catalina.startup.Catalina start
INFO: Server startup in 987 ms
Sep 28, 2014 8:36:16 PM org.apache.catalina.core.StandardServer await
INFO: A valid shutdown command was received via the shutdown port. Stopping the Server instance.
Sep 28, 2014 8:36:16 PM org.apache.coyote.AbstractProtocol pause
INFO: Pausing ProtocolHandler ["http-bio-8080"]
Sep 28, 2014 8:36:16 PM org.apache.coyote.AbstractProtocol pause
INFO: Pausing ProtocolHandler ["ajp-bio-8009"]
Sep 28, 2014 8:36:16 PM org.apache.catalina.core.StandardService stopInternal
INFO: Stopping service Catalina
Sep 28, 2014 8:36:16 PM org.apache.coyote.AbstractProtocol stop
INFO: Stopping ProtocolHandler ["http-bio-8080"]
Sep 28, 2014 8:36:16 PM org.apache.coyote.AbstractProtocol stop
INFO: Stopping ProtocolHandler ["ajp-bio-8009"]
Sep 28, 2014 8:36:16 PM org.apache.coyote.AbstractProtocol destroy
INFO: Destroying ProtocolHandler ["http-bio-8080"]
Sep 28, 2014 8:36:16 PM org.apache.coyote.AbstractProtocol destroy
INFO: Destroying ProtocolHandler ["ajp-bio-8009"]
Sep 28, 2014 8:36:20 PM org.apache.catalina.core.AprLifecycleListener init
INFO: The APR based Apache Tomcat Native library which allows optimal performance in production environments was not found on the java.library.path: /Users/RedPencil/Library/Java/Extensions:/Library/Java/Extensions:/Network/Library/Java/Extensions:/System/Library/Java/Extensions:/usr/lib/java:.
Sep 28, 2014 8:36:21 PM org.apache.coyote.AbstractProtocol init
INFO: Initializing ProtocolHandler ["http-bio-8080"]
Sep 28, 2014 8:36:21 PM org.apache.coyote.AbstractProtocol init
INFO: Initializing ProtocolHandler ["ajp-bio-8009"]
Sep 28, 2014 8:36:21 PM org.apache.catalina.startup.Catalina load
INFO: Initialization processed in 540 ms
Sep 28, 2014 8:36:21 PM org.apache.catalina.core.StandardService startInternal
INFO: Starting service Catalina
Sep 28, 2014 8:36:21 PM org.apache.catalina.core.StandardEngine startInternal
INFO: Starting Servlet Engine: Apache Tomcat/7.0.55
Sep 28, 2014 8:36:21 PM org.apache.catalina.startup.HostConfig deployDirectory
INFO: Deploying web application directory /Users/RedPencil/Dropbox/SE452/Tomcat/webapps/docs
Sep 28, 2014 8:36:21 PM org.apache.catalina.startup.HostConfig deployDirectory
INFO: Deployment of web application directory /Users/RedPencil/Dropbox/SE452/Tomcat/webapps/docs has finished in 369 ms
Sep 28, 2014 8:36:21 PM org.apache.catalina.startup.HostConfig deployDirectory
INFO: Deploying web application directory /Users/RedPencil/Dropbox/SE452/Tomcat/webapps/examples
Sep 28, 2014 8:36:22 PM org.apache.catalina.startup.HostConfig deployDirectory
INFO: Deployment of web application directory /Users/RedPencil/Dropbox/SE452/Tomcat/webapps/examples has finished in 350 ms
Sep 28, 2014 8:36:22 PM org.apache.catalina.startup.HostConfig deployDirectory
INFO: Deploying web application directory /Users/RedPencil/Dropbox/SE452/Tomcat/webapps/host-manager
Sep 28, 2014 8:36:22 PM org.apache.catalina.startup.HostConfig deployDirectory
INFO: Deployment of web application directory /Users/RedPencil/Dropbox/SE452/Tomcat/webapps/host-manager has finished in 63 ms
Sep 28, 2014 8:36:22 PM org.apache.catalina.startup.HostConfig deployDirectory
INFO: Deploying web application directory /Users/RedPencil/Dropbox/SE452/Tomcat/webapps/manager
Sep 28, 2014 8:36:22 PM org.apache.catalina.startup.HostConfig deployDirectory
INFO: Deployment of web application directory /Users/RedPencil/Dropbox/SE452/Tomcat/webapps/manager has finished in 56 ms
Sep 28, 2014 8:36:22 PM org.apache.catalina.startup.HostConfig deployDirectory
INFO: Deploying web application directory /Users/RedPencil/Dropbox/SE452/Tomcat/webapps/ROOT
Sep 28, 2014 8:36:22 PM org.apache.catalina.startup.HostConfig deployDirectory
INFO: Deployment of web application directory /Users/RedPencil/Dropbox/SE452/Tomcat/webapps/ROOT has finished in 43 ms
Sep 28, 2014 8:36:22 PM org.apache.coyote.AbstractProtocol start
INFO: Starting ProtocolHandler ["http-bio-8080"]
Sep 28, 2014 8:36:22 PM org.apache.coyote.AbstractProtocol start
INFO: Starting ProtocolHandler ["ajp-bio-8009"]
Sep 28, 2014 8:36:22 PM org.apache.catalina.startup.Catalina start
INFO: Server startup in 937 ms
Sep 28, 2014 8:38:40 PM org.apache.catalina.core.StandardServer await
INFO: A valid shutdown command was received via the shutdown port. Stopping the Server instance.
Sep 28, 2014 8:38:40 PM org.apache.coyote.AbstractProtocol pause
INFO: Pausing ProtocolHandler ["http-bio-8080"]
Sep 28, 2014 8:38:40 PM org.apache.coyote.AbstractProtocol pause
INFO: Pausing ProtocolHandler ["ajp-bio-8009"]
Sep 28, 2014 8:38:40 PM org.apache.catalina.core.StandardService stopInternal
INFO: Stopping service Catalina
Sep 28, 2014 8:38:40 PM org.apache.coyote.AbstractProtocol stop
INFO: Stopping ProtocolHandler ["http-bio-8080"]
Sep 28, 2014 8:38:40 PM org.apache.coyote.AbstractProtocol stop
INFO: Stopping ProtocolHandler ["ajp-bio-8009"]
Sep 28, 2014 8:38:40 PM org.apache.coyote.AbstractProtocol destroy
INFO: Destroying ProtocolHandler ["http-bio-8080"]
Sep 28, 2014 8:38:40 PM org.apache.coyote.AbstractProtocol destroy
INFO: Destroying ProtocolHandler ["ajp-bio-8009"]
