Oct 20, 2014 4:46:15 PM org.apache.catalina.core.AprLifecycleListener init
INFO: The APR based Apache Tomcat Native library which allows optimal performance in production environments was not found on the java.library.path: /Applications/NetBeans/NetBeans 8.0.1.app/Contents/Resources/NetBeans/webcommon/bin::/Users/RedPencil/Library/Java/Extensions:/Library/Java/Extensions:/Network/Library/Java/Extensions:/System/Library/Java/Extensions:/usr/lib/java:.
Oct 20, 2014 4:46:16 PM org.apache.coyote.AbstractProtocol init
INFO: Initializing ProtocolHandler ["http-bio-8080"]
Oct 20, 2014 4:46:16 PM org.apache.coyote.AbstractProtocol init
INFO: Initializing ProtocolHandler ["ajp-bio-8009"]
Oct 20, 2014 4:46:16 PM org.apache.catalina.startup.Catalina load
INFO: Initialization processed in 559 ms
Oct 20, 2014 4:46:16 PM org.apache.catalina.core.StandardService startInternal
INFO: Starting service Catalina
Oct 20, 2014 4:46:16 PM org.apache.catalina.core.StandardEngine startInternal
INFO: Starting Servlet Engine: Apache Tomcat/7.0.55
Oct 20, 2014 4:46:16 PM org.apache.catalina.startup.HostConfig deployDescriptor
INFO: Deploying configuration descriptor /Users/RedPencil/Documents/GitHub/SE452/Tomcat/conf/Catalina/localhost/Test1.xml
Oct 20, 2014 4:46:16 PM org.apache.catalina.core.StandardContext resourcesStart
SEVERE: Error starting static Resources
java.lang.IllegalArgumentException: Document base /Users/RedPencil/NetBeansProjects/Test1/build/web does not exist or is not a readable directory
	at org.apache.naming.resources.FileDirContext.setDocBase(FileDirContext.java:136)
	at org.apache.catalina.core.StandardContext.resourcesStart(StandardContext.java:5108)
	at org.apache.catalina.core.StandardContext.startInternal(StandardContext.java:5292)
	at org.apache.catalina.util.LifecycleBase.start(LifecycleBase.java:150)
	at org.apache.catalina.core.ContainerBase.addChildInternal(ContainerBase.java:901)
	at org.apache.catalina.core.ContainerBase.addChild(ContainerBase.java:877)
	at org.apache.catalina.core.StandardHost.addChild(StandardHost.java:649)
	at org.apache.catalina.startup.HostConfig.deployDescriptor(HostConfig.java:672)
	at org.apache.catalina.startup.HostConfig$DeployDescriptor.run(HostConfig.java:1862)
	at java.util.concurrent.Executors$RunnableAdapter.call(Executors.java:511)
	at java.util.concurrent.FutureTask.run(FutureTask.java:266)
	at java.util.concurrent.ThreadPoolExecutor.runWorker(ThreadPoolExecutor.java:1142)
	at java.util.concurrent.ThreadPoolExecutor$Worker.run(ThreadPoolExecutor.java:617)
	at java.lang.Thread.run(Thread.java:745)

Oct 20, 2014 4:46:16 PM org.apache.catalina.core.ContainerBase addChildInternal
SEVERE: ContainerBase.addChild: start: 
org.apache.catalina.LifecycleException: Failed to start component [StandardEngine[Catalina].StandardHost[localhost].StandardContext[/Test1]]
	at org.apache.catalina.util.LifecycleBase.start(LifecycleBase.java:154)
	at org.apache.catalina.core.ContainerBase.addChildInternal(ContainerBase.java:901)
	at org.apache.catalina.core.ContainerBase.addChild(ContainerBase.java:877)
	at org.apache.catalina.core.StandardHost.addChild(StandardHost.java:649)
	at org.apache.catalina.startup.HostConfig.deployDescriptor(HostConfig.java:672)
	at org.apache.catalina.startup.HostConfig$DeployDescriptor.run(HostConfig.java:1862)
	at java.util.concurrent.Executors$RunnableAdapter.call(Executors.java:511)
	at java.util.concurrent.FutureTask.run(FutureTask.java:266)
	at java.util.concurrent.ThreadPoolExecutor.runWorker(ThreadPoolExecutor.java:1142)
	at java.util.concurrent.ThreadPoolExecutor$Worker.run(ThreadPoolExecutor.java:617)
	at java.lang.Thread.run(Thread.java:745)
Caused by: org.apache.catalina.LifecycleException: Error in resourceStart()
	at org.apache.catalina.core.StandardContext.startInternal(StandardContext.java:5293)
	at org.apache.catalina.util.LifecycleBase.start(LifecycleBase.java:150)
	... 10 more

Oct 20, 2014 4:46:16 PM org.apache.catalina.startup.HostConfig deployDescriptor
SEVERE: Error deploying configuration descriptor /Users/RedPencil/Documents/GitHub/SE452/Tomcat/conf/Catalina/localhost/Test1.xml
java.lang.IllegalStateException: ContainerBase.addChild: start: org.apache.catalina.LifecycleException: Failed to start component [StandardEngine[Catalina].StandardHost[localhost].StandardContext[/Test1]]
	at org.apache.catalina.core.ContainerBase.addChildInternal(ContainerBase.java:904)
	at org.apache.catalina.core.ContainerBase.addChild(ContainerBase.java:877)
	at org.apache.catalina.core.StandardHost.addChild(StandardHost.java:649)
	at org.apache.catalina.startup.HostConfig.deployDescriptor(HostConfig.java:672)
	at org.apache.catalina.startup.HostConfig$DeployDescriptor.run(HostConfig.java:1862)
	at java.util.concurrent.Executors$RunnableAdapter.call(Executors.java:511)
	at java.util.concurrent.FutureTask.run(FutureTask.java:266)
	at java.util.concurrent.ThreadPoolExecutor.runWorker(ThreadPoolExecutor.java:1142)
	at java.util.concurrent.ThreadPoolExecutor$Worker.run(ThreadPoolExecutor.java:617)
	at java.lang.Thread.run(Thread.java:745)

Oct 20, 2014 4:46:16 PM org.apache.catalina.startup.HostConfig deployDescriptor
INFO: Deployment of configuration descriptor /Users/RedPencil/Documents/GitHub/SE452/Tomcat/conf/Catalina/localhost/Test1.xml has finished in 71 ms
Oct 20, 2014 4:46:16 PM org.apache.catalina.startup.HostConfig deployDirectory
INFO: Deploying web application directory /Users/RedPencil/Documents/GitHub/SE452/Tomcat/webapps/docs
Oct 20, 2014 4:46:16 PM org.apache.catalina.startup.HostConfig deployDirectory
INFO: Deployment of web application directory /Users/RedPencil/Documents/GitHub/SE452/Tomcat/webapps/docs has finished in 320 ms
Oct 20, 2014 4:46:16 PM org.apache.catalina.startup.HostConfig deployDirectory
INFO: Deploying web application directory /Users/RedPencil/Documents/GitHub/SE452/Tomcat/webapps/examples
Oct 20, 2014 4:46:17 PM org.apache.catalina.startup.HostConfig deployDirectory
INFO: Deployment of web application directory /Users/RedPencil/Documents/GitHub/SE452/Tomcat/webapps/examples has finished in 384 ms
Oct 20, 2014 4:46:17 PM org.apache.catalina.startup.HostConfig deployDirectory
INFO: Deploying web application directory /Users/RedPencil/Documents/GitHub/SE452/Tomcat/webapps/host-manager
Oct 20, 2014 4:46:17 PM org.apache.catalina.startup.HostConfig deployDirectory
INFO: Deployment of web application directory /Users/RedPencil/Documents/GitHub/SE452/Tomcat/webapps/host-manager has finished in 82 ms
Oct 20, 2014 4:46:17 PM org.apache.catalina.startup.HostConfig deployDirectory
INFO: Deploying web application directory /Users/RedPencil/Documents/GitHub/SE452/Tomcat/webapps/manager
Oct 20, 2014 4:46:17 PM org.apache.catalina.startup.HostConfig deployDirectory
INFO: Deployment of web application directory /Users/RedPencil/Documents/GitHub/SE452/Tomcat/webapps/manager has finished in 62 ms
Oct 20, 2014 4:46:17 PM org.apache.catalina.startup.HostConfig deployDirectory
INFO: Deploying web application directory /Users/RedPencil/Documents/GitHub/SE452/Tomcat/webapps/ROOT
Oct 20, 2014 4:46:17 PM org.apache.catalina.startup.HostConfig deployDirectory
INFO: Deployment of web application directory /Users/RedPencil/Documents/GitHub/SE452/Tomcat/webapps/ROOT has finished in 48 ms
Oct 20, 2014 4:46:17 PM org.apache.coyote.AbstractProtocol start
INFO: Starting ProtocolHandler ["http-bio-8080"]
Oct 20, 2014 4:46:17 PM org.apache.coyote.AbstractProtocol start
INFO: Starting ProtocolHandler ["ajp-bio-8009"]
Oct 20, 2014 4:46:17 PM org.apache.catalina.startup.Catalina start
INFO: Server startup in 1026 ms
Oct 20, 2014 4:48:57 PM org.apache.catalina.startup.HostConfig undeploy
INFO: Undeploying context [/Test1]
Oct 20, 2014 4:49:18 PM org.apache.catalina.core.StandardServer await
INFO: A valid shutdown command was received via the shutdown port. Stopping the Server instance.
Oct 20, 2014 4:49:18 PM org.apache.coyote.AbstractProtocol pause
INFO: Pausing ProtocolHandler ["http-bio-8080"]
Oct 20, 2014 4:49:18 PM org.apache.coyote.AbstractProtocol pause
INFO: Pausing ProtocolHandler ["ajp-bio-8009"]
Oct 20, 2014 4:49:18 PM org.apache.catalina.core.StandardService stopInternal
INFO: Stopping service Catalina
Oct 20, 2014 4:49:18 PM org.apache.coyote.AbstractProtocol stop
INFO: Stopping ProtocolHandler ["http-bio-8080"]
Oct 20, 2014 4:49:18 PM org.apache.coyote.AbstractProtocol stop
INFO: Stopping ProtocolHandler ["ajp-bio-8009"]
Oct 20, 2014 4:49:18 PM org.apache.coyote.AbstractProtocol destroy
INFO: Destroying ProtocolHandler ["http-bio-8080"]
Oct 20, 2014 4:49:18 PM org.apache.coyote.AbstractProtocol destroy
INFO: Destroying ProtocolHandler ["ajp-bio-8009"]
Oct 20, 2014 4:49:26 PM org.apache.catalina.core.AprLifecycleListener init
INFO: The APR based Apache Tomcat Native library which allows optimal performance in production environments was not found on the java.library.path: /Applications/NetBeans/NetBeans 8.0.1.app/Contents/Resources/NetBeans/webcommon/bin::/Users/RedPencil/Library/Java/Extensions:/Library/Java/Extensions:/Network/Library/Java/Extensions:/System/Library/Java/Extensions:/usr/lib/java:.
Oct 20, 2014 4:49:26 PM org.apache.coyote.AbstractProtocol init
INFO: Initializing ProtocolHandler ["http-bio-8080"]
Oct 20, 2014 4:49:26 PM org.apache.coyote.AbstractProtocol init
INFO: Initializing ProtocolHandler ["ajp-bio-8009"]
Oct 20, 2014 4:49:26 PM org.apache.catalina.startup.Catalina load
INFO: Initialization processed in 500 ms
Oct 20, 2014 4:49:26 PM org.apache.catalina.core.StandardService startInternal
INFO: Starting service Catalina
Oct 20, 2014 4:49:26 PM org.apache.catalina.core.StandardEngine startInternal
INFO: Starting Servlet Engine: Apache Tomcat/7.0.55
Oct 20, 2014 4:49:26 PM org.apache.catalina.startup.HostConfig deployDirectory
INFO: Deploying web application directory /Users/RedPencil/Documents/GitHub/SE452/Tomcat/webapps/docs
Oct 20, 2014 4:49:26 PM org.apache.catalina.startup.HostConfig deployDirectory
INFO: Deployment of web application directory /Users/RedPencil/Documents/GitHub/SE452/Tomcat/webapps/docs has finished in 317 ms
Oct 20, 2014 4:49:26 PM org.apache.catalina.startup.HostConfig deployDirectory
INFO: Deploying web application directory /Users/RedPencil/Documents/GitHub/SE452/Tomcat/webapps/examples
Oct 20, 2014 4:49:27 PM org.apache.catalina.startup.HostConfig deployDirectory
INFO: Deployment of web application directory /Users/RedPencil/Documents/GitHub/SE452/Tomcat/webapps/examples has finished in 293 ms
Oct 20, 2014 4:49:27 PM org.apache.catalina.startup.HostConfig deployDirectory
INFO: Deploying web application directory /Users/RedPencil/Documents/GitHub/SE452/Tomcat/webapps/host-manager
Oct 20, 2014 4:49:27 PM org.apache.catalina.startup.HostConfig deployDirectory
INFO: Deployment of web application directory /Users/RedPencil/Documents/GitHub/SE452/Tomcat/webapps/host-manager has finished in 60 ms
Oct 20, 2014 4:49:27 PM org.apache.catalina.startup.HostConfig deployDirectory
INFO: Deploying web application directory /Users/RedPencil/Documents/GitHub/SE452/Tomcat/webapps/manager
Oct 20, 2014 4:49:27 PM org.apache.catalina.startup.HostConfig deployDirectory
INFO: Deployment of web application directory /Users/RedPencil/Documents/GitHub/SE452/Tomcat/webapps/manager has finished in 53 ms
Oct 20, 2014 4:49:27 PM org.apache.catalina.startup.HostConfig deployDirectory
INFO: Deploying web application directory /Users/RedPencil/Documents/GitHub/SE452/Tomcat/webapps/ROOT
Oct 20, 2014 4:49:27 PM org.apache.catalina.startup.HostConfig deployDirectory
INFO: Deployment of web application directory /Users/RedPencil/Documents/GitHub/SE452/Tomcat/webapps/ROOT has finished in 49 ms
Oct 20, 2014 4:49:27 PM org.apache.coyote.AbstractProtocol start
INFO: Starting ProtocolHandler ["http-bio-8080"]
Oct 20, 2014 4:49:27 PM org.apache.coyote.AbstractProtocol start
INFO: Starting ProtocolHandler ["ajp-bio-8009"]
Oct 20, 2014 4:49:27 PM org.apache.catalina.startup.Catalina start
INFO: Server startup in 822 ms
Oct 20, 2014 4:53:42 PM org.apache.coyote.http11.AbstractHttp11Processor process
INFO: Error parsing HTTP request header
 Note: further occurrences of HTTP header parsing errors will be logged at DEBUG level.
Oct 20, 2014 4:54:29 PM org.apache.catalina.core.StandardServer await
INFO: A valid shutdown command was received via the shutdown port. Stopping the Server instance.
Oct 20, 2014 4:54:29 PM org.apache.coyote.AbstractProtocol pause
INFO: Pausing ProtocolHandler ["http-bio-8080"]
Oct 20, 2014 4:54:29 PM org.apache.coyote.AbstractProtocol pause
INFO: Pausing ProtocolHandler ["ajp-bio-8009"]
Oct 20, 2014 4:54:29 PM org.apache.catalina.core.StandardService stopInternal
INFO: Stopping service Catalina
Oct 20, 2014 4:54:29 PM org.apache.coyote.AbstractProtocol stop
INFO: Stopping ProtocolHandler ["http-bio-8080"]
Oct 20, 2014 4:54:29 PM org.apache.coyote.AbstractProtocol stop
INFO: Stopping ProtocolHandler ["ajp-bio-8009"]
Oct 20, 2014 4:54:29 PM org.apache.coyote.AbstractProtocol destroy
INFO: Destroying ProtocolHandler ["http-bio-8080"]
Oct 20, 2014 4:54:29 PM org.apache.coyote.AbstractProtocol destroy
INFO: Destroying ProtocolHandler ["ajp-bio-8009"]
Oct 20, 2014 4:56:48 PM org.apache.catalina.core.AprLifecycleListener init
INFO: The APR based Apache Tomcat Native library which allows optimal performance in production environments was not found on the java.library.path: /Applications/NetBeans/NetBeans 8.0.1.app/Contents/Resources/NetBeans/webcommon/bin::/Users/RedPencil/Library/Java/Extensions:/Library/Java/Extensions:/Network/Library/Java/Extensions:/System/Library/Java/Extensions:/usr/lib/java:.
Oct 20, 2014 4:56:49 PM org.apache.coyote.AbstractProtocol init
INFO: Initializing ProtocolHandler ["http-bio-8080"]
Oct 20, 2014 4:56:49 PM org.apache.coyote.AbstractProtocol init
INFO: Initializing ProtocolHandler ["ajp-bio-8009"]
Oct 20, 2014 4:56:49 PM org.apache.catalina.startup.Catalina load
INFO: Initialization processed in 510 ms
Oct 20, 2014 4:56:49 PM org.apache.catalina.core.StandardService startInternal
INFO: Starting service Catalina
Oct 20, 2014 4:56:49 PM org.apache.catalina.core.StandardEngine startInternal
INFO: Starting Servlet Engine: Apache Tomcat/7.0.55
Oct 20, 2014 4:56:49 PM org.apache.catalina.startup.HostConfig deployDirectory
INFO: Deploying web application directory /Users/RedPencil/Documents/GitHub/SE452/Tomcat/webapps/docs
Oct 20, 2014 4:56:49 PM org.apache.catalina.startup.HostConfig deployDirectory
INFO: Deployment of web application directory /Users/RedPencil/Documents/GitHub/SE452/Tomcat/webapps/docs has finished in 326 ms
Oct 20, 2014 4:56:49 PM org.apache.catalina.startup.HostConfig deployDirectory
INFO: Deploying web application directory /Users/RedPencil/Documents/GitHub/SE452/Tomcat/webapps/examples
Oct 20, 2014 4:56:49 PM org.apache.catalina.startup.HostConfig deployDirectory
INFO: Deployment of web application directory /Users/RedPencil/Documents/GitHub/SE452/Tomcat/webapps/examples has finished in 303 ms
Oct 20, 2014 4:56:49 PM org.apache.catalina.startup.HostConfig deployDirectory
INFO: Deploying web application directory /Users/RedPencil/Documents/GitHub/SE452/Tomcat/webapps/host-manager
Oct 20, 2014 4:56:49 PM org.apache.catalina.startup.HostConfig deployDirectory
INFO: Deployment of web application directory /Users/RedPencil/Documents/GitHub/SE452/Tomcat/webapps/host-manager has finished in 62 ms
Oct 20, 2014 4:56:49 PM org.apache.catalina.startup.HostConfig deployDirectory
INFO: Deploying web application directory /Users/RedPencil/Documents/GitHub/SE452/Tomcat/webapps/manager
Oct 20, 2014 4:56:50 PM org.apache.catalina.startup.HostConfig deployDirectory
INFO: Deployment of web application directory /Users/RedPencil/Documents/GitHub/SE452/Tomcat/webapps/manager has finished in 62 ms
Oct 20, 2014 4:56:50 PM org.apache.catalina.startup.HostConfig deployDirectory
INFO: Deploying web application directory /Users/RedPencil/Documents/GitHub/SE452/Tomcat/webapps/ROOT
Oct 20, 2014 4:56:50 PM org.apache.catalina.startup.HostConfig deployDirectory
INFO: Deployment of web application directory /Users/RedPencil/Documents/GitHub/SE452/Tomcat/webapps/ROOT has finished in 52 ms
Oct 20, 2014 4:56:50 PM org.apache.coyote.AbstractProtocol start
INFO: Starting ProtocolHandler ["http-bio-8080"]
Oct 20, 2014 4:56:50 PM org.apache.coyote.AbstractProtocol start
INFO: Starting ProtocolHandler ["ajp-bio-8009"]
Oct 20, 2014 4:56:50 PM org.apache.catalina.startup.Catalina start
INFO: Server startup in 853 ms
Oct 20, 2014 4:56:55 PM org.apache.catalina.startup.HostConfig deployDescriptor
INFO: Deploying configuration descriptor /Users/RedPencil/Documents/GitHub/SE452/Tomcat/conf/Catalina/localhost/TestProject.xml
Oct 20, 2014 4:56:55 PM org.apache.catalina.startup.HostConfig deployDescriptor
INFO: Deployment of configuration descriptor /Users/RedPencil/Documents/GitHub/SE452/Tomcat/conf/Catalina/localhost/TestProject.xml has finished in 755 ms
Oct 20, 2014 4:56:55 PM org.apache.catalina.util.LifecycleBase start
INFO: The start() method was called on component [StandardEngine[Catalina].StandardHost[localhost].StandardContext[/TestProject]] after start() had already been called. The second call will be ignored.
Oct 20, 2014 4:57:14 PM org.apache.catalina.core.StandardServer await
INFO: A valid shutdown command was received via the shutdown port. Stopping the Server instance.
Oct 20, 2014 4:57:14 PM org.apache.coyote.AbstractProtocol pause
INFO: Pausing ProtocolHandler ["http-bio-8080"]
Oct 20, 2014 4:57:15 PM org.apache.coyote.AbstractProtocol pause
INFO: Pausing ProtocolHandler ["ajp-bio-8009"]
Oct 20, 2014 4:57:15 PM org.apache.catalina.core.StandardService stopInternal
INFO: Stopping service Catalina
Oct 20, 2014 4:57:15 PM org.apache.coyote.AbstractProtocol stop
INFO: Stopping ProtocolHandler ["http-bio-8080"]
Oct 20, 2014 4:57:15 PM org.apache.coyote.AbstractProtocol stop
INFO: Stopping ProtocolHandler ["ajp-bio-8009"]
Oct 20, 2014 4:57:15 PM org.apache.coyote.AbstractProtocol destroy
INFO: Destroying ProtocolHandler ["http-bio-8080"]
Oct 20, 2014 4:57:15 PM org.apache.coyote.AbstractProtocol destroy
INFO: Destroying ProtocolHandler ["ajp-bio-8009"]
