Sep 29, 2014 1:01:40 PM org.apache.catalina.core.ApplicationContext log
INFO: Manager: init: Associated with Deployer 'Catalina:type=Deployer,host=localhost'
Sep 29, 2014 1:01:40 PM org.apache.catalina.core.ApplicationContext log
INFO: Manager: init: Global resources are available
Sep 29, 2014 1:01:40 PM org.apache.catalina.core.ApplicationContext log
INFO: Manager: list: Listing contexts for virtual host 'localhost'
Sep 29, 2014 1:01:40 PM org.apache.catalina.core.ApplicationContext log
INFO: Manager: list: Listing contexts for virtual host 'localhost'
Sep 29, 2014 1:01:40 PM org.apache.catalina.core.ApplicationContext log
INFO: Manager: install: Installing context configuration at 'file:/var/folders/rl/t7kc_ccn4x560wbgxn_lb2v40000gn/T/context938630410089639986.xml'
Sep 29, 2014 1:01:40 PM org.apache.catalina.core.ApplicationContext log
INFO: Manager: start: Starting web application '/Test1'
Sep 29, 2014 1:03:25 PM org.apache.catalina.core.ApplicationContext log
INFO: Manager: list: Listing contexts for virtual host 'localhost'
Sep 29, 2014 1:03:25 PM org.apache.catalina.core.ApplicationContext log
INFO: Manager: restart: Reloading web application '/Test1'
Sep 29, 2014 1:04:55 PM org.apache.catalina.core.ApplicationContext log
INFO: Manager: list: Listing contexts for virtual host 'localhost'
Sep 29, 2014 1:04:55 PM org.apache.catalina.core.ApplicationContext log
INFO: Manager: restart: Reloading web application '/Test1'
Sep 29, 2014 1:05:01 PM org.apache.catalina.core.ApplicationContext log
INFO: Manager: list: Listing contexts for virtual host 'localhost'
Sep 29, 2014 1:05:01 PM org.apache.catalina.core.ApplicationContext log
INFO: Manager: restart: Reloading web application '/Test1'
Sep 29, 2014 1:05:18 PM org.apache.catalina.core.ApplicationContext log
INFO: Manager: list: Listing contexts for virtual host 'localhost'
Sep 29, 2014 1:05:18 PM org.apache.catalina.core.ApplicationContext log
INFO: Manager: list: Listing contexts for virtual host 'localhost'
Sep 29, 2014 1:05:18 PM org.apache.catalina.core.ApplicationContext log
INFO: Manager: undeploy: Undeploying web application at '/Test1'
Sep 29, 2014 1:05:19 PM org.apache.catalina.core.ApplicationContext log
INFO: Manager: install: Installing context configuration at 'file:/var/folders/rl/t7kc_ccn4x560wbgxn_lb2v40000gn/T/context582419352790290867.xml'
Sep 29, 2014 1:05:19 PM org.apache.catalina.core.ApplicationContext log
INFO: Manager: start: Starting web application '/Test1'
Sep 29, 2014 1:12:06 PM org.apache.catalina.core.ApplicationContext log
INFO: Manager: list: Listing contexts for virtual host 'localhost'
Sep 29, 2014 1:12:06 PM org.apache.catalina.core.ApplicationContext log
INFO: Manager: restart: Reloading web application '/Test1'
Sep 29, 2014 1:12:07 PM org.apache.catalina.core.ApplicationContext log
INFO: Manager: list: Listing contexts for virtual host 'localhost'
Sep 29, 2014 1:12:07 PM org.apache.catalina.core.ApplicationContext log
INFO: Manager: restart: Reloading web application '/Test1'
Sep 29, 2014 1:14:48 PM org.apache.catalina.core.ApplicationContext log
INFO: Manager: list: Listing contexts for virtual host 'localhost'
Sep 29, 2014 1:14:48 PM org.apache.catalina.core.ApplicationContext log
INFO: Manager: restart: Reloading web application '/Test1'
Sep 29, 2014 1:15:01 PM org.apache.catalina.core.ApplicationContext log
INFO: Manager: list: Listing contexts for virtual host 'localhost'
Sep 29, 2014 1:15:01 PM org.apache.catalina.core.ApplicationContext log
INFO: Manager: restart: Reloading web application '/Test1'
Sep 29, 2014 1:15:17 PM org.apache.catalina.core.ApplicationContext log
INFO: Manager: list: Listing contexts for virtual host 'localhost'
Sep 29, 2014 1:15:17 PM org.apache.catalina.core.ApplicationContext log
INFO: Manager: list: Listing contexts for virtual host 'localhost'
Sep 29, 2014 1:15:17 PM org.apache.catalina.core.ApplicationContext log
INFO: Manager: undeploy: Undeploying web application at '/Test1'
Sep 29, 2014 1:15:18 PM org.apache.catalina.core.ApplicationContext log
INFO: Manager: install: Installing context configuration at 'file:/var/folders/rl/t7kc_ccn4x560wbgxn_lb2v40000gn/T/context6653326440743097452.xml'
Sep 29, 2014 1:15:18 PM org.apache.catalina.core.ApplicationContext log
INFO: Manager: start: Starting web application '/Test1'
